[2025-02-02T19:35:50.147+0000] {local_task_job_runner.py:123} INFO - ::group::Pre task execution logs
[2025-02-02T19:35:50.157+0000] {taskinstance.py:2603} INFO - Dependencies all met for dep_context=non-requeueable deps ti=<TaskInstance: flights_pipeline.create_or_truncate_table manual__2025-02-02T19:35:41.450846+00:00 [queued]>
[2025-02-02T19:35:50.161+0000] {taskinstance.py:2603} INFO - Dependencies all met for dep_context=requeueable deps ti=<TaskInstance: flights_pipeline.create_or_truncate_table manual__2025-02-02T19:35:41.450846+00:00 [queued]>
[2025-02-02T19:35:50.162+0000] {taskinstance.py:2856} INFO - Starting attempt 1 of 2
[2025-02-02T19:35:50.170+0000] {taskinstance.py:2879} INFO - Executing <Task(_PythonDecoratedOperator): create_or_truncate_table> on 2025-02-02 19:35:41.450846+00:00
[2025-02-02T19:35:50.176+0000] {warnings.py:112} WARNING - /home/***/.local/lib/python3.12/site-packages/***/task/task_runner/standard_task_runner.py:70: DeprecationWarning: This process (pid=1904) is multi-threaded, use of fork() may lead to deadlocks in the child.
  pid = os.fork()

[2025-02-02T19:35:50.177+0000] {standard_task_runner.py:72} INFO - Started process 1936 to run task
[2025-02-02T19:35:50.177+0000] {standard_task_runner.py:104} INFO - Running: ['***', 'tasks', 'run', 'flights_pipeline', 'create_or_truncate_table', 'manual__2025-02-02T19:35:41.450846+00:00', '--job-id', '56', '--raw', '--subdir', 'DAGS_FOLDER/zdag.py', '--cfg-path', '/tmp/tmp39xusl2r']
[2025-02-02T19:35:50.178+0000] {standard_task_runner.py:105} INFO - Job 56: Subtask create_or_truncate_table
[2025-02-02T19:35:50.218+0000] {task_command.py:467} INFO - Running <TaskInstance: flights_pipeline.create_or_truncate_table manual__2025-02-02T19:35:41.450846+00:00 [running]> on host d628bd12729b
[2025-02-02T19:35:50.267+0000] {taskinstance.py:3122} INFO - Exporting env vars: AIRFLOW_CTX_DAG_OWNER='***' AIRFLOW_CTX_DAG_ID='flights_pipeline' AIRFLOW_CTX_TASK_ID='create_or_truncate_table' AIRFLOW_CTX_EXECUTION_DATE='2025-02-02T19:35:41.450846+00:00' AIRFLOW_CTX_TRY_NUMBER='1' AIRFLOW_CTX_DAG_RUN_ID='manual__2025-02-02T19:35:41.450846+00:00'
[2025-02-02T19:35:50.268+0000] {taskinstance.py:731} INFO - ::endgroup::
[2025-02-02T19:35:50.291+0000] {logging_mixin.py:190} INFO - Table created or truncated successfully.
[2025-02-02T19:35:50.311+0000] {python.py:240} INFO - Done. Returned value was: None
[2025-02-02T19:35:50.320+0000] {taskinstance.py:340} INFO - ::group::Post task execution logs
[2025-02-02T19:35:50.320+0000] {taskinstance.py:352} INFO - Marking task as SUCCESS. dag_id=flights_pipeline, task_id=create_or_truncate_table, run_id=manual__2025-02-02T19:35:41.450846+00:00, execution_date=20250202T193541, start_date=20250202T193550, end_date=20250202T193550
[2025-02-02T19:35:50.350+0000] {local_task_job_runner.py:261} INFO - Task exited with return code 0
[2025-02-02T19:35:50.367+0000] {taskinstance.py:3891} INFO - 1 downstream tasks scheduled from follow-on schedule check
[2025-02-02T19:35:50.370+0000] {local_task_job_runner.py:240} INFO - ::endgroup::
