[2025-02-02T22:00:32.108+0000] {local_task_job_runner.py:123} INFO - ::group::Pre task execution logs
[2025-02-02T22:00:32.130+0000] {taskinstance.py:2603} INFO - Dependencies all met for dep_context=non-requeueable deps ti=<TaskInstance: flights_pipeline.get_data_from_opensky manual__2025-02-02T22:00:24.944684+00:00 [queued]>
[2025-02-02T22:00:32.161+0000] {taskinstance.py:2603} INFO - Dependencies all met for dep_context=requeueable deps ti=<TaskInstance: flights_pipeline.get_data_from_opensky manual__2025-02-02T22:00:24.944684+00:00 [queued]>
[2025-02-02T22:00:32.163+0000] {taskinstance.py:2856} INFO - Starting attempt 1 of 2
[2025-02-02T22:00:32.180+0000] {taskinstance.py:2879} INFO - Executing <Task(_PythonDecoratedOperator): get_data_from_opensky> on 2025-02-02 22:00:24.944684+00:00
[2025-02-02T22:00:32.193+0000] {warnings.py:112} WARNING - /home/***/.local/lib/python3.12/site-packages/***/task/task_runner/standard_task_runner.py:70: DeprecationWarning: This process (pid=7694) is multi-threaded, use of fork() may lead to deadlocks in the child.
  pid = os.fork()

[2025-02-02T22:00:32.196+0000] {standard_task_runner.py:72} INFO - Started process 7726 to run task
[2025-02-02T22:00:32.196+0000] {standard_task_runner.py:104} INFO - Running: ['***', 'tasks', 'run', 'flights_pipeline', 'get_data_from_opensky', 'manual__2025-02-02T22:00:24.944684+00:00', '--job-id', '126', '--raw', '--subdir', 'DAGS_FOLDER/zdag.py', '--cfg-path', '/tmp/tmp7jctq2t4']
[2025-02-02T22:00:32.198+0000] {standard_task_runner.py:105} INFO - Job 126: Subtask get_data_from_opensky
[2025-02-02T22:00:32.260+0000] {task_command.py:467} INFO - Running <TaskInstance: flights_pipeline.get_data_from_opensky manual__2025-02-02T22:00:24.944684+00:00 [running]> on host d628bd12729b
[2025-02-02T22:00:32.381+0000] {taskinstance.py:3122} INFO - Exporting env vars: AIRFLOW_CTX_DAG_OWNER='***' AIRFLOW_CTX_DAG_ID='flights_pipeline' AIRFLOW_CTX_TASK_ID='get_data_from_opensky' AIRFLOW_CTX_EXECUTION_DATE='2025-02-02T22:00:24.944684+00:00' AIRFLOW_CTX_TRY_NUMBER='1' AIRFLOW_CTX_DAG_RUN_ID='manual__2025-02-02T22:00:24.944684+00:00'
[2025-02-02T22:00:32.383+0000] {taskinstance.py:731} INFO - ::endgroup::
[2025-02-02T22:00:34.042+0000] {logging_mixin.py:190} INFO - Data downloaded and saved to /opt/***/dags/data/opensky_data.json
[2025-02-02T22:00:34.051+0000] {python.py:240} INFO - Done. Returned value was: None
[2025-02-02T22:00:34.068+0000] {taskinstance.py:340} INFO - ::group::Post task execution logs
[2025-02-02T22:00:34.069+0000] {taskinstance.py:352} INFO - Marking task as SUCCESS. dag_id=flights_pipeline, task_id=get_data_from_opensky, run_id=manual__2025-02-02T22:00:24.944684+00:00, execution_date=20250202T220024, start_date=20250202T220032, end_date=20250202T220034
[2025-02-02T22:00:36.322+0000] {local_task_job_runner.py:261} INFO - Task exited with return code 0
[2025-02-02T22:00:36.361+0000] {taskinstance.py:3891} INFO - 1 downstream tasks scheduled from follow-on schedule check
[2025-02-02T22:00:36.419+0000] {local_task_job_runner.py:240} INFO - ::endgroup::
