[2025-02-02T19:22:31.835+0000] {local_task_job_runner.py:123} INFO - ::group::Pre task execution logs
[2025-02-02T19:22:31.848+0000] {taskinstance.py:2603} INFO - Dependencies all met for dep_context=non-requeueable deps ti=<TaskInstance: flights_pipeline.get_data_from_opensky manual__2025-02-02T19:22:29.558027+00:00 [queued]>
[2025-02-02T19:22:31.853+0000] {taskinstance.py:2603} INFO - Dependencies all met for dep_context=requeueable deps ti=<TaskInstance: flights_pipeline.get_data_from_opensky manual__2025-02-02T19:22:29.558027+00:00 [queued]>
[2025-02-02T19:22:31.853+0000] {taskinstance.py:2856} INFO - Starting attempt 1 of 2
[2025-02-02T19:22:31.871+0000] {taskinstance.py:2879} INFO - Executing <Task(_PythonDecoratedOperator): get_data_from_opensky> on 2025-02-02 19:22:29.558027+00:00
[2025-02-02T19:22:31.877+0000] {warnings.py:112} WARNING - /home/***/.local/lib/python3.12/site-packages/***/task/task_runner/standard_task_runner.py:70: DeprecationWarning: This process (pid=1476) is multi-threaded, use of fork() may lead to deadlocks in the child.
  pid = os.fork()

[2025-02-02T19:22:31.878+0000] {standard_task_runner.py:104} INFO - Running: ['***', 'tasks', 'run', 'flights_pipeline', 'get_data_from_opensky', 'manual__2025-02-02T19:22:29.558027+00:00', '--job-id', '51', '--raw', '--subdir', 'DAGS_FOLDER/zdag.py', '--cfg-path', '/tmp/tmpv2m5p4o5']
[2025-02-02T19:22:31.881+0000] {standard_task_runner.py:72} INFO - Started process 1508 to run task
[2025-02-02T19:22:31.886+0000] {standard_task_runner.py:105} INFO - Job 51: Subtask get_data_from_opensky
[2025-02-02T19:22:31.927+0000] {task_command.py:467} INFO - Running <TaskInstance: flights_pipeline.get_data_from_opensky manual__2025-02-02T19:22:29.558027+00:00 [running]> on host d628bd12729b
[2025-02-02T19:22:31.977+0000] {taskinstance.py:3122} INFO - Exporting env vars: AIRFLOW_CTX_DAG_OWNER='***' AIRFLOW_CTX_DAG_ID='flights_pipeline' AIRFLOW_CTX_TASK_ID='get_data_from_opensky' AIRFLOW_CTX_EXECUTION_DATE='2025-02-02T19:22:29.558027+00:00' AIRFLOW_CTX_TRY_NUMBER='1' AIRFLOW_CTX_DAG_RUN_ID='manual__2025-02-02T19:22:29.558027+00:00'
[2025-02-02T19:22:31.978+0000] {taskinstance.py:731} INFO - ::endgroup::
[2025-02-02T19:22:33.679+0000] {logging_mixin.py:190} INFO - Data downloaded and saved to /opt/***/dags/data/db_test.json
[2025-02-02T19:22:33.683+0000] {python.py:240} INFO - Done. Returned value was: None
[2025-02-02T19:22:33.689+0000] {taskinstance.py:340} INFO - ::group::Post task execution logs
[2025-02-02T19:22:33.691+0000] {taskinstance.py:352} INFO - Marking task as SUCCESS. dag_id=flights_pipeline, task_id=get_data_from_opensky, run_id=manual__2025-02-02T19:22:29.558027+00:00, execution_date=20250202T192229, start_date=20250202T192231, end_date=20250202T192233
[2025-02-02T19:22:33.711+0000] {local_task_job_runner.py:261} INFO - Task exited with return code 0
[2025-02-02T19:22:33.725+0000] {taskinstance.py:3891} INFO - 1 downstream tasks scheduled from follow-on schedule check
[2025-02-02T19:22:33.730+0000] {local_task_job_runner.py:240} INFO - ::endgroup::
