[2025-02-02T18:57:44.935+0000] {local_task_job_runner.py:123} INFO - ::group::Pre task execution logs
[2025-02-02T18:57:44.944+0000] {taskinstance.py:2603} INFO - Dependencies all met for dep_context=non-requeueable deps ti=<TaskInstance: flights_pipeline.load_data_fly manual__2025-02-02T18:57:41.796357+00:00 [queued]>
[2025-02-02T18:57:44.950+0000] {taskinstance.py:2603} INFO - Dependencies all met for dep_context=requeueable deps ti=<TaskInstance: flights_pipeline.load_data_fly manual__2025-02-02T18:57:41.796357+00:00 [queued]>
[2025-02-02T18:57:44.951+0000] {taskinstance.py:2856} INFO - Starting attempt 1 of 1
[2025-02-02T18:57:44.962+0000] {taskinstance.py:2879} INFO - Executing <Task(_PythonDecoratedOperator): load_data_fly> on 2025-02-02 18:57:41.796357+00:00
[2025-02-02T18:57:44.967+0000] {warnings.py:112} WARNING - /home/***/.local/lib/python3.12/site-packages/***/task/task_runner/standard_task_runner.py:70: DeprecationWarning: This process (pid=984) is multi-threaded, use of fork() may lead to deadlocks in the child.
  pid = os.fork()

[2025-02-02T18:57:44.968+0000] {standard_task_runner.py:72} INFO - Started process 1016 to run task
[2025-02-02T18:57:44.968+0000] {standard_task_runner.py:104} INFO - Running: ['***', 'tasks', 'run', 'flights_pipeline', 'load_data_fly', 'manual__2025-02-02T18:57:41.796357+00:00', '--job-id', '48', '--raw', '--subdir', 'DAGS_FOLDER/zdag.py', '--cfg-path', '/tmp/tmptj3o7ase']
[2025-02-02T18:57:44.969+0000] {standard_task_runner.py:105} INFO - Job 48: Subtask load_data_fly
[2025-02-02T18:57:45.001+0000] {task_command.py:467} INFO - Running <TaskInstance: flights_pipeline.load_data_fly manual__2025-02-02T18:57:41.796357+00:00 [running]> on host d628bd12729b
[2025-02-02T18:57:45.045+0000] {taskinstance.py:3122} INFO - Exporting env vars: AIRFLOW_CTX_DAG_OWNER='***' AIRFLOW_CTX_DAG_ID='flights_pipeline' AIRFLOW_CTX_TASK_ID='load_data_fly' AIRFLOW_CTX_EXECUTION_DATE='2025-02-02T18:57:41.796357+00:00' AIRFLOW_CTX_TRY_NUMBER='1' AIRFLOW_CTX_DAG_RUN_ID='manual__2025-02-02T18:57:41.796357+00:00'
[2025-02-02T18:57:45.047+0000] {taskinstance.py:731} INFO - ::endgroup::
[2025-02-02T18:59:17.002+0000] {logging_mixin.py:190} INFO - Data loaded into DuckDB successfully.
[2025-02-02T18:59:17.127+0000] {python.py:240} INFO - Done. Returned value was: None
[2025-02-02T18:59:17.136+0000] {taskinstance.py:340} INFO - ::group::Post task execution logs
[2025-02-02T18:59:17.137+0000] {taskinstance.py:352} INFO - Marking task as SUCCESS. dag_id=flights_pipeline, task_id=load_data_fly, run_id=manual__2025-02-02T18:57:41.796357+00:00, execution_date=20250202T185741, start_date=20250202T185744, end_date=20250202T185917
[2025-02-02T18:59:17.191+0000] {local_task_job_runner.py:261} INFO - Task exited with return code 0
[2025-02-02T18:59:17.214+0000] {taskinstance.py:3891} INFO - 2 downstream tasks scheduled from follow-on schedule check
[2025-02-02T18:59:17.229+0000] {local_task_job_runner.py:240} INFO - ::endgroup::
