[2025-02-02T20:53:14.330+0000] {local_task_job_runner.py:123} INFO - ::group::Pre task execution logs
[2025-02-02T20:53:14.342+0000] {taskinstance.py:2603} INFO - Dependencies all met for dep_context=non-requeueable deps ti=<TaskInstance: flights_pipeline.load_data_into_duckdb manual__2025-02-02T20:53:07.863472+00:00 [queued]>
[2025-02-02T20:53:14.349+0000] {taskinstance.py:2603} INFO - Dependencies all met for dep_context=requeueable deps ti=<TaskInstance: flights_pipeline.load_data_into_duckdb manual__2025-02-02T20:53:07.863472+00:00 [queued]>
[2025-02-02T20:53:14.351+0000] {taskinstance.py:2856} INFO - Starting attempt 1 of 2
[2025-02-02T20:53:14.363+0000] {taskinstance.py:2879} INFO - Executing <Task(_PythonDecoratedOperator): load_data_into_duckdb> on 2025-02-02 20:53:07.863472+00:00
[2025-02-02T20:53:14.370+0000] {warnings.py:112} WARNING - /home/***/.local/lib/python3.12/site-packages/***/task/task_runner/standard_task_runner.py:70: DeprecationWarning: This process (pid=4697) is multi-threaded, use of fork() may lead to deadlocks in the child.
  pid = os.fork()

[2025-02-02T20:53:14.372+0000] {standard_task_runner.py:72} INFO - Started process 4729 to run task
[2025-02-02T20:53:14.372+0000] {standard_task_runner.py:104} INFO - Running: ['***', 'tasks', 'run', 'flights_pipeline', 'load_data_into_duckdb', 'manual__2025-02-02T20:53:07.863472+00:00', '--job-id', '90', '--raw', '--subdir', 'DAGS_FOLDER/zdag.py', '--cfg-path', '/tmp/tmpuwzv6rue']
[2025-02-02T20:53:14.374+0000] {standard_task_runner.py:105} INFO - Job 90: Subtask load_data_into_duckdb
[2025-02-02T20:53:14.418+0000] {task_command.py:467} INFO - Running <TaskInstance: flights_pipeline.load_data_into_duckdb manual__2025-02-02T20:53:07.863472+00:00 [running]> on host d628bd12729b
[2025-02-02T20:53:14.480+0000] {taskinstance.py:3122} INFO - Exporting env vars: AIRFLOW_CTX_DAG_OWNER='***' AIRFLOW_CTX_DAG_ID='flights_pipeline' AIRFLOW_CTX_TASK_ID='load_data_into_duckdb' AIRFLOW_CTX_EXECUTION_DATE='2025-02-02T20:53:07.863472+00:00' AIRFLOW_CTX_TRY_NUMBER='1' AIRFLOW_CTX_DAG_RUN_ID='manual__2025-02-02T20:53:07.863472+00:00'
[2025-02-02T20:53:14.481+0000] {taskinstance.py:731} INFO - ::endgroup::
[2025-02-02T20:53:14.521+0000] {logging_mixin.py:190} INFO - Données chargées dans DuckDB avec succès.
[2025-02-02T20:53:14.528+0000] {python.py:240} INFO - Done. Returned value was: None
[2025-02-02T20:53:14.535+0000] {taskinstance.py:340} INFO - ::group::Post task execution logs
[2025-02-02T20:53:14.536+0000] {taskinstance.py:352} INFO - Marking task as SUCCESS. dag_id=flights_pipeline, task_id=load_data_into_duckdb, run_id=manual__2025-02-02T20:53:07.863472+00:00, execution_date=20250202T205307, start_date=20250202T205314, end_date=20250202T205314
[2025-02-02T20:53:14.587+0000] {local_task_job_runner.py:261} INFO - Task exited with return code 0
[2025-02-02T20:53:14.598+0000] {taskinstance.py:3891} INFO - 0 downstream tasks scheduled from follow-on schedule check
[2025-02-02T20:53:14.601+0000] {local_task_job_runner.py:240} INFO - ::endgroup::
