[2025-02-02T22:00:27.768+0000] {local_task_job_runner.py:123} INFO - ::group::Pre task execution logs
[2025-02-02T22:00:27.807+0000] {taskinstance.py:2603} INFO - Dependencies all met for dep_context=non-requeueable deps ti=<TaskInstance: flights_pipeline.create_or_truncate_table manual__2025-02-02T22:00:24.944684+00:00 [queued]>
[2025-02-02T22:00:27.837+0000] {taskinstance.py:2603} INFO - Dependencies all met for dep_context=requeueable deps ti=<TaskInstance: flights_pipeline.create_or_truncate_table manual__2025-02-02T22:00:24.944684+00:00 [queued]>
[2025-02-02T22:00:27.840+0000] {taskinstance.py:2856} INFO - Starting attempt 1 of 2
[2025-02-02T22:00:27.867+0000] {taskinstance.py:2879} INFO - Executing <Task(_PythonDecoratedOperator): create_or_truncate_table> on 2025-02-02 22:00:24.944684+00:00
[2025-02-02T22:00:27.882+0000] {warnings.py:112} WARNING - /home/***/.local/lib/python3.12/site-packages/***/task/task_runner/standard_task_runner.py:70: DeprecationWarning: This process (pid=7629) is multi-threaded, use of fork() may lead to deadlocks in the child.
  pid = os.fork()

[2025-02-02T22:00:27.884+0000] {standard_task_runner.py:104} INFO - Running: ['***', 'tasks', 'run', 'flights_pipeline', 'create_or_truncate_table', 'manual__2025-02-02T22:00:24.944684+00:00', '--job-id', '125', '--raw', '--subdir', 'DAGS_FOLDER/zdag.py', '--cfg-path', '/tmp/tmpxtp4vmm9']
[2025-02-02T22:00:27.886+0000] {standard_task_runner.py:72} INFO - Started process 7661 to run task
[2025-02-02T22:00:27.887+0000] {standard_task_runner.py:105} INFO - Job 125: Subtask create_or_truncate_table
[2025-02-02T22:00:27.967+0000] {task_command.py:467} INFO - Running <TaskInstance: flights_pipeline.create_or_truncate_table manual__2025-02-02T22:00:24.944684+00:00 [running]> on host d628bd12729b
[2025-02-02T22:00:30.038+0000] {taskinstance.py:3122} INFO - Exporting env vars: AIRFLOW_CTX_DAG_OWNER='***' AIRFLOW_CTX_DAG_ID='flights_pipeline' AIRFLOW_CTX_TASK_ID='create_or_truncate_table' AIRFLOW_CTX_EXECUTION_DATE='2025-02-02T22:00:24.944684+00:00' AIRFLOW_CTX_TRY_NUMBER='1' AIRFLOW_CTX_DAG_RUN_ID='manual__2025-02-02T22:00:24.944684+00:00'
[2025-02-02T22:00:30.041+0000] {taskinstance.py:731} INFO - ::endgroup::
[2025-02-02T22:00:30.135+0000] {logging_mixin.py:190} INFO - Table created or replaced successfully.
[2025-02-02T22:00:30.172+0000] {python.py:240} INFO - Done. Returned value was: None
[2025-02-02T22:00:30.186+0000] {taskinstance.py:340} INFO - ::group::Post task execution logs
[2025-02-02T22:00:30.187+0000] {taskinstance.py:352} INFO - Marking task as SUCCESS. dag_id=flights_pipeline, task_id=create_or_truncate_table, run_id=manual__2025-02-02T22:00:24.944684+00:00, execution_date=20250202T220024, start_date=20250202T220027, end_date=20250202T220030
[2025-02-02T22:00:30.245+0000] {local_task_job_runner.py:261} INFO - Task exited with return code 0
[2025-02-02T22:00:30.292+0000] {taskinstance.py:3891} INFO - 1 downstream tasks scheduled from follow-on schedule check
[2025-02-02T22:00:30.298+0000] {local_task_job_runner.py:240} INFO - ::endgroup::
