[2025-02-03T12:29:43.996+0000] {local_task_job_runner.py:123} INFO - ::group::Pre task execution logs
[2025-02-03T12:29:44.007+0000] {taskinstance.py:2603} INFO - Dependencies all met for dep_context=non-requeueable deps ti=<TaskInstance: flights_pipeline.check_time_range manual__2025-02-03T12:29:35.350542+00:00 [queued]>
[2025-02-03T12:29:44.013+0000] {taskinstance.py:2603} INFO - Dependencies all met for dep_context=requeueable deps ti=<TaskInstance: flights_pipeline.check_time_range manual__2025-02-03T12:29:35.350542+00:00 [queued]>
[2025-02-03T12:29:44.014+0000] {taskinstance.py:2856} INFO - Starting attempt 1 of 2
[2025-02-03T12:29:44.023+0000] {taskinstance.py:2879} INFO - Executing <Task(_PythonDecoratedOperator): check_time_range> on 2025-02-03 12:29:35.350542+00:00
[2025-02-03T12:29:44.028+0000] {warnings.py:112} WARNING - /home/***/.local/lib/python3.12/site-packages/***/task/task_runner/standard_task_runner.py:70: DeprecationWarning: This process (pid=344) is multi-threaded, use of fork() may lead to deadlocks in the child.
  pid = os.fork()

[2025-02-03T12:29:44.029+0000] {standard_task_runner.py:104} INFO - Running: ['***', 'tasks', 'run', 'flights_pipeline', 'check_time_range', 'manual__2025-02-03T12:29:35.350542+00:00', '--job-id', '138', '--raw', '--subdir', 'DAGS_FOLDER/zdag.py', '--cfg-path', '/tmp/tmpr51zchcl']
[2025-02-03T12:29:44.029+0000] {standard_task_runner.py:72} INFO - Started process 376 to run task
[2025-02-03T12:29:44.030+0000] {standard_task_runner.py:105} INFO - Job 138: Subtask check_time_range
[2025-02-03T12:29:44.062+0000] {task_command.py:467} INFO - Running <TaskInstance: flights_pipeline.check_time_range manual__2025-02-03T12:29:35.350542+00:00 [running]> on host d628bd12729b
[2025-02-03T12:29:44.113+0000] {taskinstance.py:3122} INFO - Exporting env vars: AIRFLOW_CTX_DAG_OWNER='***' AIRFLOW_CTX_DAG_ID='flights_pipeline' AIRFLOW_CTX_TASK_ID='check_time_range' AIRFLOW_CTX_EXECUTION_DATE='2025-02-03T12:29:35.350542+00:00' AIRFLOW_CTX_TRY_NUMBER='1' AIRFLOW_CTX_DAG_RUN_ID='manual__2025-02-03T12:29:35.350542+00:00'
[2025-02-03T12:29:44.114+0000] {taskinstance.py:731} INFO - ::endgroup::
[2025-02-03T12:29:44.135+0000] {logging_mixin.py:190} INFO - Temps min et max vérifiés : min=None, max=None
[2025-02-03T12:29:44.139+0000] {python.py:240} INFO - Done. Returned value was: {'min_time_position': None, 'max_time_position': None}
[2025-02-03T12:29:44.153+0000] {taskinstance.py:340} INFO - ::group::Post task execution logs
[2025-02-03T12:29:44.154+0000] {taskinstance.py:352} INFO - Marking task as SUCCESS. dag_id=flights_pipeline, task_id=check_time_range, run_id=manual__2025-02-03T12:29:35.350542+00:00, execution_date=20250203T122935, start_date=20250203T122944, end_date=20250203T122944
[2025-02-03T12:29:44.204+0000] {local_task_job_runner.py:261} INFO - Task exited with return code 0
[2025-02-03T12:29:44.225+0000] {taskinstance.py:3891} INFO - 0 downstream tasks scheduled from follow-on schedule check
[2025-02-03T12:29:44.231+0000] {local_task_job_runner.py:240} INFO - ::endgroup::
