[2025-02-02T18:42:33.428+0000] {local_task_job_runner.py:123} INFO - ::group::Pre task execution logs
[2025-02-02T18:42:33.437+0000] {taskinstance.py:2603} INFO - Dependencies all met for dep_context=non-requeueable deps ti=<TaskInstance: flights_pipeline.check_duplicates manual__2025-02-02T18:41:03.092670+00:00 [queued]>
[2025-02-02T18:42:33.442+0000] {taskinstance.py:2603} INFO - Dependencies all met for dep_context=requeueable deps ti=<TaskInstance: flights_pipeline.check_duplicates manual__2025-02-02T18:41:03.092670+00:00 [queued]>
[2025-02-02T18:42:33.442+0000] {taskinstance.py:2856} INFO - Starting attempt 1 of 1
[2025-02-02T18:42:33.450+0000] {taskinstance.py:2879} INFO - Executing <Task(_PythonDecoratedOperator): check_duplicates> on 2025-02-02 18:41:03.092670+00:00
[2025-02-02T18:42:33.456+0000] {warnings.py:112} WARNING - /home/***/.local/lib/python3.12/site-packages/***/task/task_runner/standard_task_runner.py:70: DeprecationWarning: This process (pid=209) is multi-threaded, use of fork() may lead to deadlocks in the child.
  pid = os.fork()

[2025-02-02T18:42:33.457+0000] {standard_task_runner.py:72} INFO - Started process 274 to run task
[2025-02-02T18:42:33.457+0000] {standard_task_runner.py:104} INFO - Running: ['***', 'tasks', 'run', 'flights_pipeline', 'check_duplicates', 'manual__2025-02-02T18:41:03.092670+00:00', '--job-id', '38', '--raw', '--subdir', 'DAGS_FOLDER/zdag.py', '--cfg-path', '/tmp/tmpg276ep3q']
[2025-02-02T18:42:33.458+0000] {standard_task_runner.py:105} INFO - Job 38: Subtask check_duplicates
[2025-02-02T18:42:33.486+0000] {task_command.py:467} INFO - Running <TaskInstance: flights_pipeline.check_duplicates manual__2025-02-02T18:41:03.092670+00:00 [running]> on host d628bd12729b
[2025-02-02T18:42:33.528+0000] {taskinstance.py:3122} INFO - Exporting env vars: AIRFLOW_CTX_DAG_OWNER='***' AIRFLOW_CTX_DAG_ID='flights_pipeline' AIRFLOW_CTX_TASK_ID='check_duplicates' AIRFLOW_CTX_EXECUTION_DATE='2025-02-02T18:41:03.092670+00:00' AIRFLOW_CTX_TRY_NUMBER='1' AIRFLOW_CTX_DAG_RUN_ID='manual__2025-02-02T18:41:03.092670+00:00'
[2025-02-02T18:42:33.530+0000] {taskinstance.py:731} INFO - ::endgroup::
[2025-02-02T18:42:33.604+0000] {logging_mixin.py:190} INFO - Doublons trouvés :
[2025-02-02T18:42:33.605+0000] {logging_mixin.py:190} INFO - ('', None, 1738521586, 2)
[2025-02-02T18:42:33.605+0000] {logging_mixin.py:190} INFO - ('', None, 1738521662, 2)
[2025-02-02T18:42:33.606+0000] {logging_mixin.py:190} INFO - ('', None, 1738521660, 2)
[2025-02-02T18:42:33.606+0000] {logging_mixin.py:190} INFO - ('', None, 1738521609, 2)
[2025-02-02T18:42:33.607+0000] {logging_mixin.py:190} INFO - ('N       ', 1738521665, 1738521665, 2)
[2025-02-02T18:42:33.607+0000] {logging_mixin.py:190} INFO - ('', 1738521662, 1738521662, 5)
[2025-02-02T18:42:33.607+0000] {logging_mixin.py:190} INFO - ('', 1738521404, 1738521404, 2)
[2025-02-02T18:42:33.608+0000] {logging_mixin.py:190} INFO - ('', 1738521663, 1738521663, 5)
[2025-02-02T18:42:33.608+0000] {logging_mixin.py:190} INFO - ('', None, 1738521580, 2)
[2025-02-02T18:42:33.609+0000] {logging_mixin.py:190} INFO - ('', None, 1738521664, 4)
[2025-02-02T18:42:33.610+0000] {logging_mixin.py:190} INFO - ('', None, 1738521653, 2)
[2025-02-02T18:42:33.610+0000] {logging_mixin.py:190} INFO - ('', 1738521647, 1738521647, 2)
[2025-02-02T18:42:33.611+0000] {logging_mixin.py:190} INFO - ('        ', 1738521664, 1738521664, 2)
[2025-02-02T18:42:33.611+0000] {logging_mixin.py:190} INFO - ('', 1738521665, 1738521665, 9)
[2025-02-02T18:42:33.612+0000] {logging_mixin.py:190} INFO - ('', None, 1738521647, 2)
[2025-02-02T18:42:33.612+0000] {logging_mixin.py:190} INFO - ('', 1738521664, 1738521664, 11)
[2025-02-02T18:42:33.613+0000] {logging_mixin.py:190} INFO - ('', None, 1738521661, 4)
[2025-02-02T18:42:33.613+0000] {logging_mixin.py:190} INFO - ('', 1738521660, 1738521663, 2)
[2025-02-02T18:42:33.614+0000] {logging_mixin.py:190} INFO - ('', 1738521654, 1738521654, 2)
[2025-02-02T18:42:33.615+0000] {logging_mixin.py:190} INFO - ('', None, 1738521654, 2)
[2025-02-02T18:42:33.615+0000] {logging_mixin.py:190} INFO - ('', 1738521593, 1738521593, 2)
[2025-02-02T18:42:33.616+0000] {logging_mixin.py:190} INFO - ('', None, 1738521665, 2)
[2025-02-02T18:42:33.621+0000] {python.py:240} INFO - Done. Returned value was: None
[2025-02-02T18:42:33.627+0000] {taskinstance.py:340} INFO - ::group::Post task execution logs
[2025-02-02T18:42:33.628+0000] {taskinstance.py:352} INFO - Marking task as SUCCESS. dag_id=flights_pipeline, task_id=check_duplicates, run_id=manual__2025-02-02T18:41:03.092670+00:00, execution_date=20250202T184103, start_date=20250202T184233, end_date=20250202T184233
[2025-02-02T18:42:33.671+0000] {local_task_job_runner.py:261} INFO - Task exited with return code 0
[2025-02-02T18:42:33.682+0000] {taskinstance.py:3891} INFO - 0 downstream tasks scheduled from follow-on schedule check
[2025-02-02T18:42:33.687+0000] {local_task_job_runner.py:240} INFO - ::endgroup::
