[2025-02-02T18:53:17.475+0000] {local_task_job_runner.py:123} INFO - ::group::Pre task execution logs
[2025-02-02T18:53:17.484+0000] {taskinstance.py:2603} INFO - Dependencies all met for dep_context=non-requeueable deps ti=<TaskInstance: flights_pipeline.check_duplicates manual__2025-02-02T18:51:40.777013+00:00 [queued]>
[2025-02-02T18:53:17.489+0000] {taskinstance.py:2603} INFO - Dependencies all met for dep_context=requeueable deps ti=<TaskInstance: flights_pipeline.check_duplicates manual__2025-02-02T18:51:40.777013+00:00 [queued]>
[2025-02-02T18:53:17.490+0000] {taskinstance.py:2856} INFO - Starting attempt 1 of 1
[2025-02-02T18:53:17.497+0000] {taskinstance.py:2879} INFO - Executing <Task(_PythonDecoratedOperator): check_duplicates> on 2025-02-02 18:51:40.777013+00:00
[2025-02-02T18:53:17.502+0000] {warnings.py:112} WARNING - /home/***/.local/lib/python3.12/site-packages/***/task/task_runner/standard_task_runner.py:70: DeprecationWarning: This process (pid=765) is multi-threaded, use of fork() may lead to deadlocks in the child.
  pid = os.fork()

[2025-02-02T18:53:17.503+0000] {standard_task_runner.py:72} INFO - Started process 828 to run task
[2025-02-02T18:53:17.503+0000] {standard_task_runner.py:104} INFO - Running: ['***', 'tasks', 'run', 'flights_pipeline', 'check_duplicates', 'manual__2025-02-02T18:51:40.777013+00:00', '--job-id', '46', '--raw', '--subdir', 'DAGS_FOLDER/zdag.py', '--cfg-path', '/tmp/tmpyv9x1x30']
[2025-02-02T18:53:17.504+0000] {standard_task_runner.py:105} INFO - Job 46: Subtask check_duplicates
[2025-02-02T18:53:17.534+0000] {task_command.py:467} INFO - Running <TaskInstance: flights_pipeline.check_duplicates manual__2025-02-02T18:51:40.777013+00:00 [running]> on host d628bd12729b
[2025-02-02T18:53:17.578+0000] {taskinstance.py:3122} INFO - Exporting env vars: AIRFLOW_CTX_DAG_OWNER='***' AIRFLOW_CTX_DAG_ID='flights_pipeline' AIRFLOW_CTX_TASK_ID='check_duplicates' AIRFLOW_CTX_EXECUTION_DATE='2025-02-02T18:51:40.777013+00:00' AIRFLOW_CTX_TRY_NUMBER='1' AIRFLOW_CTX_DAG_RUN_ID='manual__2025-02-02T18:51:40.777013+00:00'
[2025-02-02T18:53:17.579+0000] {taskinstance.py:731} INFO - ::endgroup::
[2025-02-02T18:53:17.698+0000] {logging_mixin.py:190} INFO - Doublons trouvés :
[2025-02-02T18:53:17.706+0000] {logging_mixin.py:190} INFO - ('AAL1341 ', 1738521639, 1738521639, 2)
[2025-02-02T18:53:17.722+0000] {logging_mixin.py:190} INFO - ('', None, 1738521586, 2)
[2025-02-02T18:53:17.723+0000] {logging_mixin.py:190} INFO - ('', None, 1738521662, 2)
[2025-02-02T18:53:17.723+0000] {logging_mixin.py:190} INFO - ('N43325  ', 1738521641, 1738521647, 2)
[2025-02-02T18:53:17.724+0000] {logging_mixin.py:190} INFO - ('', None, 1738521660, 2)
[2025-02-02T18:53:17.727+0000] {logging_mixin.py:190} INFO - ('SKW3369 ', 1738521650, 1738521651, 2)
[2025-02-02T18:53:17.730+0000] {logging_mixin.py:190} INFO - ('', None, 1738521609, 2)
[2025-02-02T18:53:17.734+0000] {logging_mixin.py:190} INFO - ('1DZD775 ', 1738521641, 1738521641, 2)
[2025-02-02T18:53:17.737+0000] {logging_mixin.py:190} INFO - ('N601QA  ', 1738521631, 1738521633, 2)
[2025-02-02T18:53:17.741+0000] {logging_mixin.py:190} INFO - ('', 1738522275, 1738522275, 2)
[2025-02-02T18:53:17.743+0000] {logging_mixin.py:190} INFO - ('', None, 1738522302, 2)
[2025-02-02T18:53:17.744+0000] {logging_mixin.py:190} INFO - ('', None, 1738522289, 3)
[2025-02-02T18:53:17.746+0000] {logging_mixin.py:190} INFO - ('AFR15JL ', 1738521662, 1738521662, 2)
[2025-02-02T18:53:17.747+0000] {logging_mixin.py:190} INFO - ('N80868  ', 1738521654, 1738521654, 2)
[2025-02-02T18:53:17.748+0000] {logging_mixin.py:190} INFO - ('GPHTG   ', 1738521631, 1738521631, 2)
[2025-02-02T18:53:17.753+0000] {logging_mixin.py:190} INFO - ('N9512R  ', 1738521647, 1738521647, 2)
[2025-02-02T18:53:17.784+0000] {logging_mixin.py:190} INFO - ('THY5100 ', 1738521650, 1738521653, 2)
[2025-02-02T18:53:17.787+0000] {logging_mixin.py:190} INFO - ('        ', 1738521664, 1738521664, 2)
[2025-02-02T18:53:17.788+0000] {logging_mixin.py:190} INFO - ('ZKDPE   ', 1738521635, 1738521635, 2)
[2025-02-02T18:53:17.788+0000] {logging_mixin.py:190} INFO - ('UAL2479 ', 1738521633, 1738521633, 2)
[2025-02-02T18:53:17.791+0000] {logging_mixin.py:190} INFO - ('RYR9461 ', 1738521658, 1738521658, 2)
[2025-02-02T18:53:17.793+0000] {logging_mixin.py:190} INFO - ('RYR258V ', 1738521630, 1738521635, 2)
[2025-02-02T18:53:17.796+0000] {logging_mixin.py:190} INFO - ('RYR3EW  ', 1738521657, 1738521657, 2)
[2025-02-02T18:53:17.797+0000] {logging_mixin.py:190} INFO - ('', 1738521945, 1738521945, 6)
[2025-02-02T18:53:17.798+0000] {logging_mixin.py:190} INFO - ('', 1738521934, 1738521934, 2)
[2025-02-02T18:53:17.799+0000] {logging_mixin.py:190} INFO - ('', 1738521929, 1738521929, 2)
[2025-02-02T18:53:17.800+0000] {logging_mixin.py:190} INFO - ('', None, 1738522300, 3)
[2025-02-02T18:53:17.811+0000] {logging_mixin.py:190} INFO - ('', None, 1738522296, 2)
[2025-02-02T18:53:17.811+0000] {logging_mixin.py:190} INFO - ('', 1738521664, 1738521664, 11)
[2025-02-02T18:53:17.830+0000] {logging_mixin.py:190} INFO - ('', None, 1738521661, 4)
[2025-02-02T18:53:17.831+0000] {logging_mixin.py:190} INFO - ('ELY383  ', 1738521661, 1738521661, 2)
[2025-02-02T18:53:17.832+0000] {logging_mixin.py:190} INFO - ('ASI414  ', 1738521648, 1738521649, 2)
[2025-02-02T18:53:17.833+0000] {logging_mixin.py:190} INFO - ('SKW4688 ', 1738521644, 1738521644, 2)
[2025-02-02T18:53:17.833+0000] {logging_mixin.py:190} INFO - ('', 1738521529, 1738521654, 2)
[2025-02-02T18:53:17.834+0000] {logging_mixin.py:190} INFO - ('UPS37   ', 1738521635, 1738521664, 2)
[2025-02-02T18:53:17.835+0000] {logging_mixin.py:190} INFO - ('N128MA  ', 1738521637, 1738521637, 2)
[2025-02-02T18:53:17.836+0000] {logging_mixin.py:190} INFO - ('N54011  ', 1738521498, 1738521658, 2)
[2025-02-02T18:53:17.836+0000] {logging_mixin.py:190} INFO - ('FDB569  ', 1738521631, 1738521631, 2)
[2025-02-02T18:53:17.837+0000] {logging_mixin.py:190} INFO - ('', 1738521660, 1738521663, 2)
[2025-02-02T18:53:17.838+0000] {logging_mixin.py:190} INFO - ('', 1738521654, 1738521654, 3)
[2025-02-02T18:53:17.838+0000] {logging_mixin.py:190} INFO - ('N5144U  ', 1738521645, 1738521645, 2)
[2025-02-02T18:53:17.839+0000] {logging_mixin.py:190} INFO - ('', None, 1738521654, 2)
[2025-02-02T18:53:17.839+0000] {logging_mixin.py:190} INFO - ('NKS814  ', 1738521639, 1738521644, 2)
[2025-02-02T18:53:17.840+0000] {logging_mixin.py:190} INFO - ('ELY5109 ', 1738521653, 1738521656, 2)
[2025-02-02T18:53:17.841+0000] {logging_mixin.py:190} INFO - ('ENY3962 ', 1738521663, 1738521663, 2)
[2025-02-02T18:53:17.841+0000] {logging_mixin.py:190} INFO - ('HLE98   ', 1738521653, 1738521654, 2)
[2025-02-02T18:53:17.842+0000] {logging_mixin.py:190} INFO - ('DAL898  ', 1738521661, 1738521661, 2)
[2025-02-02T18:53:17.842+0000] {logging_mixin.py:190} INFO - ('SWG527  ', 1738521657, 1738521657, 2)
[2025-02-02T18:53:17.843+0000] {logging_mixin.py:190} INFO - ('', 1738521919, 1738521919, 2)
[2025-02-02T18:53:17.843+0000] {logging_mixin.py:190} INFO - ('', 1738521945, 1738521946, 3)
[2025-02-02T18:53:17.844+0000] {logging_mixin.py:190} INFO - ('', 1738521715, 1738521715, 2)
[2025-02-02T18:53:17.844+0000] {logging_mixin.py:190} INFO - ('', 1738521943, 1738521943, 5)
[2025-02-02T18:53:17.845+0000] {logging_mixin.py:190} INFO - ('', 1738521940, 1738521940, 3)
[2025-02-02T18:53:17.845+0000] {logging_mixin.py:190} INFO - ('', 1738522192, 1738522192, 2)
[2025-02-02T18:53:17.846+0000] {logging_mixin.py:190} INFO - ('        ', 1738522300, 1738522300, 3)
[2025-02-02T18:53:17.846+0000] {logging_mixin.py:190} INFO - ('', 1738522264, 1738522264, 2)
[2025-02-02T18:53:17.846+0000] {logging_mixin.py:190} INFO - ('', 1738522302, 1738522302, 4)
[2025-02-02T18:53:17.847+0000] {logging_mixin.py:190} INFO - ('SKW3472 ', 1738521659, 1738521662, 2)
[2025-02-02T18:53:17.847+0000] {logging_mixin.py:190} INFO - ('N111LD  ', 1738521648, 1738521652, 2)
[2025-02-02T18:53:17.847+0000] {logging_mixin.py:190} INFO - ('', 1738521663, 1738521663, 5)
[2025-02-02T18:53:17.848+0000] {logging_mixin.py:190} INFO - ('IGO6798 ', 1738521638, 1738521638, 2)
[2025-02-02T18:53:17.848+0000] {logging_mixin.py:190} INFO - ('', None, 1738521580, 2)
[2025-02-02T18:53:17.849+0000] {logging_mixin.py:190} INFO - ('GJS4165 ', 1738521631, 1738521631, 2)
[2025-02-02T18:53:17.849+0000] {logging_mixin.py:190} INFO - ('N2245W  ', 1738521664, 1738521664, 2)
[2025-02-02T18:53:17.849+0000] {logging_mixin.py:190} INFO - ('', None, 1738521664, 4)
[2025-02-02T18:53:17.850+0000] {logging_mixin.py:190} INFO - ('CXK1094 ', 1738521633, 1738521633, 2)
[2025-02-02T18:53:17.850+0000] {logging_mixin.py:190} INFO - ('', None, 1738521653, 2)
[2025-02-02T18:53:17.850+0000] {logging_mixin.py:190} INFO - ('ASA852  ', 1738521643, 1738521643, 2)
[2025-02-02T18:53:17.851+0000] {logging_mixin.py:190} INFO - ('N388PG  ', 1738521633, 1738521636, 2)
[2025-02-02T18:53:17.851+0000] {logging_mixin.py:190} INFO - ('N5916J  ', 1738521636, 1738521636, 2)
[2025-02-02T18:53:17.851+0000] {logging_mixin.py:190} INFO - ('N181DJ  ', 1738521645, 1738521645, 2)
[2025-02-02T18:53:17.852+0000] {logging_mixin.py:190} INFO - ('N634GR  ', 1738521632, 1738521632, 2)
[2025-02-02T18:53:17.852+0000] {logging_mixin.py:190} INFO - ('NKS503  ', 1738521623, 1738521637, 2)
[2025-02-02T18:53:17.853+0000] {logging_mixin.py:190} INFO - ('EDV5353 ', 1738521628, 1738521636, 2)
[2025-02-02T18:53:17.853+0000] {logging_mixin.py:190} INFO - ('DAL1196 ', 1738521656, 1738521656, 2)
[2025-02-02T18:53:17.854+0000] {logging_mixin.py:190} INFO - ('SKW5743 ', 1738521637, 1738521637, 2)
[2025-02-02T18:53:17.854+0000] {logging_mixin.py:190} INFO - ('12345678', 1738521945, 1738521945, 2)
[2025-02-02T18:53:17.855+0000] {logging_mixin.py:190} INFO - ('', 1738522303, 1738522303, 5)
[2025-02-02T18:53:17.855+0000] {logging_mixin.py:190} INFO - ('AAL705  ', 1738521648, 1738521650, 2)
[2025-02-02T18:53:17.856+0000] {logging_mixin.py:190} INFO - ('N       ', 1738521665, 1738521665, 2)
[2025-02-02T18:53:17.856+0000] {logging_mixin.py:190} INFO - ('FHANG   ', 1738521655, 1738521655, 2)
[2025-02-02T18:53:17.856+0000] {logging_mixin.py:190} INFO - ('CCM80NQ ', 1738521657, 1738521657, 2)
[2025-02-02T18:53:17.857+0000] {logging_mixin.py:190} INFO - ('', 1738521662, 1738521662, 5)
[2025-02-02T18:53:17.857+0000] {logging_mixin.py:190} INFO - ('', 1738521404, 1738521404, 2)
[2025-02-02T18:53:17.858+0000] {logging_mixin.py:190} INFO - ('', 1738521634, 1738521634, 2)
[2025-02-02T18:53:17.858+0000] {logging_mixin.py:190} INFO - ('N720TX  ', 1738521663, 1738521663, 2)
[2025-02-02T18:53:17.859+0000] {logging_mixin.py:190} INFO - ('OKDPH   ', 1738521660, 1738521661, 2)
[2025-02-02T18:53:17.859+0000] {logging_mixin.py:190} INFO - ('RPA3678 ', 1738521646, 1738521648, 2)
[2025-02-02T18:53:17.860+0000] {logging_mixin.py:190} INFO - ('UAL1449 ', 1738521653, 1738521653, 2)
[2025-02-02T18:53:17.860+0000] {logging_mixin.py:190} INFO - ('FBU80G  ', 1738521639, 1738521639, 2)
[2025-02-02T18:53:17.861+0000] {logging_mixin.py:190} INFO - ('SKW5248 ', 1738521633, 1738521633, 2)
[2025-02-02T18:53:17.862+0000] {logging_mixin.py:190} INFO - ('JBU2940 ', 1738521644, 1738521644, 2)
[2025-02-02T18:53:17.862+0000] {logging_mixin.py:190} INFO - ('        ', 1738521944, 1738521944, 3)
[2025-02-02T18:53:17.862+0000] {logging_mixin.py:190} INFO - ('', None, 1738521945, 4)
[2025-02-02T18:53:17.863+0000] {logging_mixin.py:190} INFO - ('AIQ536  ', 1738521652, 1738521661, 2)
[2025-02-02T18:53:17.863+0000] {logging_mixin.py:190} INFO - ('', 1738521665, 1738521665, 9)
[2025-02-02T18:53:17.864+0000] {logging_mixin.py:190} INFO - ('N55SP   ', 1738521664, 1738521664, 2)
[2025-02-02T18:53:17.864+0000] {logging_mixin.py:190} INFO - ('EJA313  ', 1738521658, 1738521658, 2)
[2025-02-02T18:53:17.865+0000] {logging_mixin.py:190} INFO - ('', None, 1738521647, 3)
[2025-02-02T18:53:17.866+0000] {logging_mixin.py:190} INFO - ('FGOVB   ', 1738521662, 1738521662, 2)
[2025-02-02T18:53:17.866+0000] {logging_mixin.py:190} INFO - ('N424CM  ', 1738521631, 1738521631, 2)
[2025-02-02T18:53:17.867+0000] {logging_mixin.py:190} INFO - ('N1283R  ', 1738521662, 1738521662, 2)
[2025-02-02T18:53:17.867+0000] {logging_mixin.py:190} INFO - ('UAL2233 ', 1738521649, 1738521654, 2)
[2025-02-02T18:53:17.868+0000] {logging_mixin.py:190} INFO - ('N18RC   ', 1738521641, 1738521641, 2)
[2025-02-02T18:53:17.868+0000] {logging_mixin.py:190} INFO - ('AFL5802 ', 1738520145, 1738521637, 2)
[2025-02-02T18:53:17.869+0000] {logging_mixin.py:190} INFO - ('TUG15   ', 1738521658, 1738521658, 2)
[2025-02-02T18:53:17.869+0000] {logging_mixin.py:190} INFO - ('N9137M  ', 1738521649, 1738521649, 2)
[2025-02-02T18:53:17.870+0000] {logging_mixin.py:190} INFO - ('CGNWX   ', 1738521630, 1738521636, 2)
[2025-02-02T18:53:17.870+0000] {logging_mixin.py:190} INFO - ('', None, 1738521930, 2)
[2025-02-02T18:53:17.871+0000] {logging_mixin.py:190} INFO - ('', 1738521946, 1738521946, 2)
[2025-02-02T18:53:17.871+0000] {logging_mixin.py:190} INFO - ('', 1738522301, 1738522301, 8)
[2025-02-02T18:53:17.872+0000] {logging_mixin.py:190} INFO - ('N207NX  ', 1738521652, 1738521652, 2)
[2025-02-02T18:53:17.872+0000] {logging_mixin.py:190} INFO - ('ACA105  ', 1738521658, 1738521658, 2)
[2025-02-02T18:53:17.872+0000] {logging_mixin.py:190} INFO - ('MAU843  ', 1738521653, 1738521653, 2)
[2025-02-02T18:53:17.873+0000] {logging_mixin.py:190} INFO - ('TRA95P  ', 1738521654, 1738521654, 2)
[2025-02-02T18:53:17.873+0000] {logging_mixin.py:190} INFO - ('AAL2216 ', 1738521648, 1738521658, 2)
[2025-02-02T18:53:17.874+0000] {logging_mixin.py:190} INFO - ('', 1738521593, 1738521593, 2)
[2025-02-02T18:53:17.875+0000] {logging_mixin.py:190} INFO - ('N424W   ', 1738521636, 1738521636, 2)
[2025-02-02T18:53:17.878+0000] {logging_mixin.py:190} INFO - ('TAM3524 ', 1738521643, 1738521643, 2)
[2025-02-02T18:53:17.879+0000] {logging_mixin.py:190} INFO - ('HVN31   ', 1738521661, 1738521665, 2)
[2025-02-02T18:53:17.880+0000] {logging_mixin.py:190} INFO - ('MSC2813 ', 1738521661, 1738521662, 2)
[2025-02-02T18:53:17.880+0000] {logging_mixin.py:190} INFO - ('UAL435  ', 1738521661, 1738521661, 2)
[2025-02-02T18:53:17.881+0000] {logging_mixin.py:190} INFO - ('RYR703T ', 1738521635, 1738521644, 2)
[2025-02-02T18:53:17.882+0000] {logging_mixin.py:190} INFO - ('N24342  ', 1738521625, 1738521650, 2)
[2025-02-02T18:53:17.883+0000] {logging_mixin.py:190} INFO - ('', None, 1738521665, 2)
[2025-02-02T18:53:17.884+0000] {logging_mixin.py:190} INFO - ('ABL382  ', 1738521664, 1738521664, 2)
[2025-02-02T18:53:17.884+0000] {logging_mixin.py:190} INFO - ('QTR2X   ', 1738521661, 1738521661, 2)
[2025-02-02T18:53:17.885+0000] {logging_mixin.py:190} INFO - ('', None, 1738522301, 3)
[2025-02-02T18:53:17.886+0000] {logging_mixin.py:190} INFO - ('', 1738522295, 1738522295, 2)
[2025-02-02T18:53:17.886+0000] {logging_mixin.py:190} INFO - ('', 1738522299, 1738522299, 4)
[2025-02-02T18:53:17.887+0000] {logging_mixin.py:190} INFO - ('', 1738522271, 1738522271, 2)
[2025-02-02T18:53:17.887+0000] {logging_mixin.py:190} INFO - ('KOTA05  ', 1738521638, 1738521642, 2)
[2025-02-02T18:53:17.888+0000] {logging_mixin.py:190} INFO - ('N694DA  ', 1738521635, 1738521635, 2)
[2025-02-02T18:53:17.888+0000] {logging_mixin.py:190} INFO - ('ENT1921 ', 1738520422, 1738521644, 2)
[2025-02-02T18:53:17.888+0000] {logging_mixin.py:190} INFO - ('N636SY  ', 1738521637, 1738521637, 2)
[2025-02-02T18:53:17.889+0000] {logging_mixin.py:190} INFO - ('MAC102  ', 1738521637, 1738521637, 2)
[2025-02-02T18:53:17.890+0000] {logging_mixin.py:190} INFO - ('VLG787U ', 1738521606, 1738521633, 2)
[2025-02-02T18:53:17.890+0000] {logging_mixin.py:190} INFO - ('N7813W  ', 1738521644, 1738521648, 2)
[2025-02-02T18:53:17.890+0000] {logging_mixin.py:190} INFO - ('AVL415  ', 1738521644, 1738521644, 2)
[2025-02-02T18:53:17.890+0000] {logging_mixin.py:190} INFO - ('ASA1266 ', 1738521659, 1738521659, 2)
[2025-02-02T18:53:17.891+0000] {logging_mixin.py:190} INFO - ('AEA7159 ', 1738521603, 1738521641, 2)
[2025-02-02T18:53:17.891+0000] {logging_mixin.py:190} INFO - ('N5962R  ', 1738521650, 1738521650, 2)
[2025-02-02T18:53:17.891+0000] {logging_mixin.py:190} INFO - ('', None, 1738521638, 2)
[2025-02-02T18:53:17.892+0000] {logging_mixin.py:190} INFO - ('', 1738521647, 1738521647, 2)
[2025-02-02T18:53:17.892+0000] {logging_mixin.py:190} INFO - ('SWA2234 ', 1738521637, 1738521638, 2)
[2025-02-02T18:53:17.892+0000] {logging_mixin.py:190} INFO - ('N6420B  ', 1738521664, 1738521664, 2)
[2025-02-02T18:53:17.892+0000] {logging_mixin.py:190} INFO - ('DAL654  ', 1738521648, 1738521648, 2)
[2025-02-02T18:53:17.893+0000] {logging_mixin.py:190} INFO - ('JNA066  ', 1738521637, 1738521637, 2)
[2025-02-02T18:53:17.893+0000] {logging_mixin.py:190} INFO - ('FM5     ', 1738521650, 1738521650, 2)
[2025-02-02T18:53:17.893+0000] {logging_mixin.py:190} INFO - ('CXK176  ', 1738521641, 1738521654, 2)
[2025-02-02T18:53:17.894+0000] {logging_mixin.py:190} INFO - ('N27457  ', 1738521618, 1738521633, 2)
[2025-02-02T18:53:17.894+0000] {logging_mixin.py:190} INFO - ('', 1738521939, 1738521939, 2)
[2025-02-02T18:53:17.894+0000] {logging_mixin.py:190} INFO - ('', None, 1738521944, 2)
[2025-02-02T18:53:17.895+0000] {logging_mixin.py:190} INFO - ('', 1738521944, 1738521944, 6)
[2025-02-02T18:53:17.895+0000] {logging_mixin.py:190} INFO - ('', 1738521739, 1738521739, 2)
[2025-02-02T18:53:17.896+0000] {logging_mixin.py:190} INFO - ('', None, 1738521808, 2)
[2025-02-02T18:53:17.896+0000] {logging_mixin.py:190} INFO - ('', 1738522298, 1738522298, 6)
[2025-02-02T18:53:17.897+0000] {logging_mixin.py:190} INFO - ('', 1738522300, 1738522300, 6)
[2025-02-02T18:53:17.901+0000] {python.py:240} INFO - Done. Returned value was: None
[2025-02-02T18:53:17.906+0000] {taskinstance.py:340} INFO - ::group::Post task execution logs
[2025-02-02T18:53:17.907+0000] {taskinstance.py:352} INFO - Marking task as SUCCESS. dag_id=flights_pipeline, task_id=check_duplicates, run_id=manual__2025-02-02T18:51:40.777013+00:00, execution_date=20250202T185140, start_date=20250202T185317, end_date=20250202T185317
[2025-02-02T18:53:17.957+0000] {local_task_job_runner.py:261} INFO - Task exited with return code 0
[2025-02-02T18:53:17.978+0000] {taskinstance.py:3891} INFO - 0 downstream tasks scheduled from follow-on schedule check
[2025-02-02T18:53:17.988+0000] {local_task_job_runner.py:240} INFO - ::endgroup::
