[2025-02-02T21:52:18.256+0000] {local_task_job_runner.py:123} INFO - ::group::Pre task execution logs
[2025-02-02T21:52:18.270+0000] {taskinstance.py:2603} INFO - Dependencies all met for dep_context=non-requeueable deps ti=<TaskInstance: flights_pipeline.load_data_into_duckdb manual__2025-02-02T21:52:10.858067+00:00 [queued]>
[2025-02-02T21:52:18.279+0000] {taskinstance.py:2603} INFO - Dependencies all met for dep_context=requeueable deps ti=<TaskInstance: flights_pipeline.load_data_into_duckdb manual__2025-02-02T21:52:10.858067+00:00 [queued]>
[2025-02-02T21:52:18.280+0000] {taskinstance.py:2856} INFO - Starting attempt 1 of 2
[2025-02-02T21:52:18.292+0000] {taskinstance.py:2879} INFO - Executing <Task(_PythonDecoratedOperator): load_data_into_duckdb> on 2025-02-02 21:52:10.858067+00:00
[2025-02-02T21:52:18.298+0000] {warnings.py:112} WARNING - /home/***/.local/lib/python3.12/site-packages/***/task/task_runner/standard_task_runner.py:70: DeprecationWarning: This process (pid=6914) is multi-threaded, use of fork() may lead to deadlocks in the child.
  pid = os.fork()

[2025-02-02T21:52:18.300+0000] {standard_task_runner.py:72} INFO - Started process 6946 to run task
[2025-02-02T21:52:18.300+0000] {standard_task_runner.py:104} INFO - Running: ['***', 'tasks', 'run', 'flights_pipeline', 'load_data_into_duckdb', 'manual__2025-02-02T21:52:10.858067+00:00', '--job-id', '116', '--raw', '--subdir', 'DAGS_FOLDER/zdag.py', '--cfg-path', '/tmp/tmpj4zr8bld']
[2025-02-02T21:52:18.302+0000] {standard_task_runner.py:105} INFO - Job 116: Subtask load_data_into_duckdb
[2025-02-02T21:52:18.344+0000] {task_command.py:467} INFO - Running <TaskInstance: flights_pipeline.load_data_into_duckdb manual__2025-02-02T21:52:10.858067+00:00 [running]> on host d628bd12729b
[2025-02-02T21:52:18.411+0000] {taskinstance.py:3122} INFO - Exporting env vars: AIRFLOW_CTX_DAG_OWNER='***' AIRFLOW_CTX_DAG_ID='flights_pipeline' AIRFLOW_CTX_TASK_ID='load_data_into_duckdb' AIRFLOW_CTX_EXECUTION_DATE='2025-02-02T21:52:10.858067+00:00' AIRFLOW_CTX_TRY_NUMBER='1' AIRFLOW_CTX_DAG_RUN_ID='manual__2025-02-02T21:52:10.858067+00:00'
[2025-02-02T21:52:18.412+0000] {taskinstance.py:731} INFO - ::endgroup::
[2025-02-02T21:52:18.443+0000] {logging_mixin.py:190} INFO - Données chargées dans DuckDB avec succès.
[2025-02-02T21:52:18.454+0000] {python.py:240} INFO - Done. Returned value was: None
[2025-02-02T21:52:18.463+0000] {taskinstance.py:340} INFO - ::group::Post task execution logs
[2025-02-02T21:52:18.465+0000] {taskinstance.py:352} INFO - Marking task as SUCCESS. dag_id=flights_pipeline, task_id=load_data_into_duckdb, run_id=manual__2025-02-02T21:52:10.858067+00:00, execution_date=20250202T215210, start_date=20250202T215218, end_date=20250202T215218
[2025-02-02T21:52:18.515+0000] {local_task_job_runner.py:261} INFO - Task exited with return code 0
[2025-02-02T21:52:18.537+0000] {taskinstance.py:3891} INFO - 3 downstream tasks scheduled from follow-on schedule check
[2025-02-02T21:52:18.541+0000] {local_task_job_runner.py:240} INFO - ::endgroup::
