[2025-02-02T20:53:13.207+0000] {local_task_job_runner.py:123} INFO - ::group::Pre task execution logs
[2025-02-02T20:53:13.220+0000] {taskinstance.py:2603} INFO - Dependencies all met for dep_context=non-requeueable deps ti=<TaskInstance: flights_pipeline.transform_data manual__2025-02-02T20:53:07.863472+00:00 [queued]>
[2025-02-02T20:53:13.228+0000] {taskinstance.py:2603} INFO - Dependencies all met for dep_context=requeueable deps ti=<TaskInstance: flights_pipeline.transform_data manual__2025-02-02T20:53:07.863472+00:00 [queued]>
[2025-02-02T20:53:13.239+0000] {taskinstance.py:2856} INFO - Starting attempt 1 of 2
[2025-02-02T20:53:13.252+0000] {taskinstance.py:2879} INFO - Executing <Task(_PythonDecoratedOperator): transform_data> on 2025-02-02 20:53:07.863472+00:00
[2025-02-02T20:53:13.258+0000] {warnings.py:112} WARNING - /home/***/.local/lib/python3.12/site-packages/***/task/task_runner/standard_task_runner.py:70: DeprecationWarning: This process (pid=4632) is multi-threaded, use of fork() may lead to deadlocks in the child.
  pid = os.fork()

[2025-02-02T20:53:13.259+0000] {standard_task_runner.py:104} INFO - Running: ['***', 'tasks', 'run', 'flights_pipeline', 'transform_data', 'manual__2025-02-02T20:53:07.863472+00:00', '--job-id', '89', '--raw', '--subdir', 'DAGS_FOLDER/zdag.py', '--cfg-path', '/tmp/tmp8mwq7fpx']
[2025-02-02T20:53:13.260+0000] {standard_task_runner.py:72} INFO - Started process 4664 to run task
[2025-02-02T20:53:13.262+0000] {standard_task_runner.py:105} INFO - Job 89: Subtask transform_data
[2025-02-02T20:53:13.316+0000] {task_command.py:467} INFO - Running <TaskInstance: flights_pipeline.transform_data manual__2025-02-02T20:53:07.863472+00:00 [running]> on host d628bd12729b
[2025-02-02T20:53:13.380+0000] {taskinstance.py:3122} INFO - Exporting env vars: AIRFLOW_CTX_DAG_OWNER='***' AIRFLOW_CTX_DAG_ID='flights_pipeline' AIRFLOW_CTX_TASK_ID='transform_data' AIRFLOW_CTX_EXECUTION_DATE='2025-02-02T20:53:07.863472+00:00' AIRFLOW_CTX_TRY_NUMBER='1' AIRFLOW_CTX_DAG_RUN_ID='manual__2025-02-02T20:53:07.863472+00:00'
[2025-02-02T20:53:13.385+0000] {taskinstance.py:731} INFO - ::endgroup::
[2025-02-02T20:53:13.458+0000] {logging_mixin.py:190} INFO - Données transformées avec succès.
[2025-02-02T20:53:13.474+0000] {python.py:240} INFO - Done. Returned value was: None
[2025-02-02T20:53:13.483+0000] {taskinstance.py:340} INFO - ::group::Post task execution logs
[2025-02-02T20:53:13.484+0000] {taskinstance.py:352} INFO - Marking task as SUCCESS. dag_id=flights_pipeline, task_id=transform_data, run_id=manual__2025-02-02T20:53:07.863472+00:00, execution_date=20250202T205307, start_date=20250202T205313, end_date=20250202T205313
[2025-02-02T20:53:13.519+0000] {local_task_job_runner.py:261} INFO - Task exited with return code 0
[2025-02-02T20:53:13.540+0000] {taskinstance.py:3891} INFO - 1 downstream tasks scheduled from follow-on schedule check
[2025-02-02T20:53:13.546+0000] {local_task_job_runner.py:240} INFO - ::endgroup::
