[2025-02-02T18:47:06.080+0000] {local_task_job_runner.py:123} INFO - ::group::Pre task execution logs
[2025-02-02T18:47:06.090+0000] {taskinstance.py:2603} INFO - Dependencies all met for dep_context=non-requeueable deps ti=<TaskInstance: flights_pipeline.check_duplicates manual__2025-02-02T18:45:44.088347+00:00 [queued]>
[2025-02-02T18:47:06.095+0000] {taskinstance.py:2603} INFO - Dependencies all met for dep_context=requeueable deps ti=<TaskInstance: flights_pipeline.check_duplicates manual__2025-02-02T18:45:44.088347+00:00 [queued]>
[2025-02-02T18:47:06.101+0000] {taskinstance.py:2856} INFO - Starting attempt 1 of 1
[2025-02-02T18:47:06.111+0000] {taskinstance.py:2879} INFO - Executing <Task(_PythonDecoratedOperator): check_duplicates> on 2025-02-02 18:45:44.088347+00:00
[2025-02-02T18:47:06.116+0000] {warnings.py:112} WARNING - /home/***/.local/lib/python3.12/site-packages/***/task/task_runner/standard_task_runner.py:70: DeprecationWarning: This process (pid=486) is multi-threaded, use of fork() may lead to deadlocks in the child.
  pid = os.fork()

[2025-02-02T18:47:06.117+0000] {standard_task_runner.py:72} INFO - Started process 550 to run task
[2025-02-02T18:47:06.117+0000] {standard_task_runner.py:104} INFO - Running: ['***', 'tasks', 'run', 'flights_pipeline', 'check_duplicates', 'manual__2025-02-02T18:45:44.088347+00:00', '--job-id', '42', '--raw', '--subdir', 'DAGS_FOLDER/zdag.py', '--cfg-path', '/tmp/tmp3_wjjjt8']
[2025-02-02T18:47:06.118+0000] {standard_task_runner.py:105} INFO - Job 42: Subtask check_duplicates
[2025-02-02T18:47:06.148+0000] {task_command.py:467} INFO - Running <TaskInstance: flights_pipeline.check_duplicates manual__2025-02-02T18:45:44.088347+00:00 [running]> on host d628bd12729b
[2025-02-02T18:47:06.194+0000] {taskinstance.py:3122} INFO - Exporting env vars: AIRFLOW_CTX_DAG_OWNER='***' AIRFLOW_CTX_DAG_ID='flights_pipeline' AIRFLOW_CTX_TASK_ID='check_duplicates' AIRFLOW_CTX_EXECUTION_DATE='2025-02-02T18:45:44.088347+00:00' AIRFLOW_CTX_TRY_NUMBER='1' AIRFLOW_CTX_DAG_RUN_ID='manual__2025-02-02T18:45:44.088347+00:00'
[2025-02-02T18:47:06.197+0000] {taskinstance.py:731} INFO - ::endgroup::
[2025-02-02T18:47:06.250+0000] {logging_mixin.py:190} INFO - Doublons trouvés :
[2025-02-02T18:47:06.251+0000] {logging_mixin.py:190} INFO - ('AAL1341 ', 1738521639, 1738521639, 2)
[2025-02-02T18:47:06.251+0000] {logging_mixin.py:190} INFO - ('', None, 1738521586, 2)
[2025-02-02T18:47:06.251+0000] {logging_mixin.py:190} INFO - ('', None, 1738521662, 2)
[2025-02-02T18:47:06.252+0000] {logging_mixin.py:190} INFO - ('N43325  ', 1738521641, 1738521647, 2)
[2025-02-02T18:47:06.253+0000] {logging_mixin.py:190} INFO - ('', None, 1738521660, 2)
[2025-02-02T18:47:06.253+0000] {logging_mixin.py:190} INFO - ('SKW3369 ', 1738521650, 1738521651, 2)
[2025-02-02T18:47:06.254+0000] {logging_mixin.py:190} INFO - ('', None, 1738521609, 2)
[2025-02-02T18:47:06.254+0000] {logging_mixin.py:190} INFO - ('1DZD775 ', 1738521641, 1738521641, 2)
[2025-02-02T18:47:06.254+0000] {logging_mixin.py:190} INFO - ('N601QA  ', 1738521631, 1738521633, 2)
[2025-02-02T18:47:06.255+0000] {logging_mixin.py:190} INFO - ('SKW3472 ', 1738521659, 1738521662, 2)
[2025-02-02T18:47:06.255+0000] {logging_mixin.py:190} INFO - ('N111LD  ', 1738521648, 1738521652, 2)
[2025-02-02T18:47:06.257+0000] {logging_mixin.py:190} INFO - ('', 1738521663, 1738521663, 5)
[2025-02-02T18:47:06.257+0000] {logging_mixin.py:190} INFO - ('IGO6798 ', 1738521638, 1738521638, 2)
[2025-02-02T18:47:06.258+0000] {logging_mixin.py:190} INFO - ('', None, 1738521580, 2)
[2025-02-02T18:47:06.258+0000] {logging_mixin.py:190} INFO - ('GJS4165 ', 1738521631, 1738521631, 2)
[2025-02-02T18:47:06.258+0000] {logging_mixin.py:190} INFO - ('N2245W  ', 1738521664, 1738521664, 2)
[2025-02-02T18:47:06.259+0000] {logging_mixin.py:190} INFO - ('', None, 1738521664, 4)
[2025-02-02T18:47:06.259+0000] {logging_mixin.py:190} INFO - ('CXK1094 ', 1738521633, 1738521633, 2)
[2025-02-02T18:47:06.260+0000] {logging_mixin.py:190} INFO - ('', None, 1738521653, 2)
[2025-02-02T18:47:06.260+0000] {logging_mixin.py:190} INFO - ('ASA852  ', 1738521643, 1738521643, 2)
[2025-02-02T18:47:06.261+0000] {logging_mixin.py:190} INFO - ('N388PG  ', 1738521633, 1738521636, 2)
[2025-02-02T18:47:06.262+0000] {logging_mixin.py:190} INFO - ('N5916J  ', 1738521636, 1738521636, 2)
[2025-02-02T18:47:06.262+0000] {logging_mixin.py:190} INFO - ('N181DJ  ', 1738521645, 1738521645, 2)
[2025-02-02T18:47:06.262+0000] {logging_mixin.py:190} INFO - ('N634GR  ', 1738521632, 1738521632, 2)
[2025-02-02T18:47:06.263+0000] {logging_mixin.py:190} INFO - ('NKS503  ', 1738521623, 1738521637, 2)
[2025-02-02T18:47:06.263+0000] {logging_mixin.py:190} INFO - ('EDV5353 ', 1738521628, 1738521636, 2)
[2025-02-02T18:47:06.264+0000] {logging_mixin.py:190} INFO - ('DAL1196 ', 1738521656, 1738521656, 2)
[2025-02-02T18:47:06.264+0000] {logging_mixin.py:190} INFO - ('SKW5743 ', 1738521637, 1738521637, 2)
[2025-02-02T18:47:06.264+0000] {logging_mixin.py:190} INFO - ('12345678', 1738521945, 1738521945, 2)
[2025-02-02T18:47:06.265+0000] {logging_mixin.py:190} INFO - ('AIQ536  ', 1738521652, 1738521661, 2)
[2025-02-02T18:47:06.265+0000] {logging_mixin.py:190} INFO - ('', 1738521665, 1738521665, 9)
[2025-02-02T18:47:06.266+0000] {logging_mixin.py:190} INFO - ('N55SP   ', 1738521664, 1738521664, 2)
[2025-02-02T18:47:06.266+0000] {logging_mixin.py:190} INFO - ('EJA313  ', 1738521658, 1738521658, 2)
[2025-02-02T18:47:06.266+0000] {logging_mixin.py:190} INFO - ('', None, 1738521647, 3)
[2025-02-02T18:47:06.267+0000] {logging_mixin.py:190} INFO - ('FGOVB   ', 1738521662, 1738521662, 2)
[2025-02-02T18:47:06.267+0000] {logging_mixin.py:190} INFO - ('N424CM  ', 1738521631, 1738521631, 2)
[2025-02-02T18:47:06.267+0000] {logging_mixin.py:190} INFO - ('N1283R  ', 1738521662, 1738521662, 2)
[2025-02-02T18:47:06.268+0000] {logging_mixin.py:190} INFO - ('UAL2233 ', 1738521649, 1738521654, 2)
[2025-02-02T18:47:06.268+0000] {logging_mixin.py:190} INFO - ('N18RC   ', 1738521641, 1738521641, 2)
[2025-02-02T18:47:06.268+0000] {logging_mixin.py:190} INFO - ('AFL5802 ', 1738520145, 1738521637, 2)
[2025-02-02T18:47:06.268+0000] {logging_mixin.py:190} INFO - ('TUG15   ', 1738521658, 1738521658, 2)
[2025-02-02T18:47:06.269+0000] {logging_mixin.py:190} INFO - ('N9137M  ', 1738521649, 1738521649, 2)
[2025-02-02T18:47:06.269+0000] {logging_mixin.py:190} INFO - ('CGNWX   ', 1738521630, 1738521636, 2)
[2025-02-02T18:47:06.269+0000] {logging_mixin.py:190} INFO - ('', None, 1738521930, 2)
[2025-02-02T18:47:06.270+0000] {logging_mixin.py:190} INFO - ('', 1738521946, 1738521946, 2)
[2025-02-02T18:47:06.270+0000] {logging_mixin.py:190} INFO - ('AAL705  ', 1738521648, 1738521650, 2)
[2025-02-02T18:47:06.270+0000] {logging_mixin.py:190} INFO - ('N       ', 1738521665, 1738521665, 2)
[2025-02-02T18:47:06.271+0000] {logging_mixin.py:190} INFO - ('FHANG   ', 1738521655, 1738521655, 2)
[2025-02-02T18:47:06.271+0000] {logging_mixin.py:190} INFO - ('CCM80NQ ', 1738521657, 1738521657, 2)
[2025-02-02T18:47:06.271+0000] {logging_mixin.py:190} INFO - ('', 1738521662, 1738521662, 5)
[2025-02-02T18:47:06.272+0000] {logging_mixin.py:190} INFO - ('', 1738521404, 1738521404, 2)
[2025-02-02T18:47:06.272+0000] {logging_mixin.py:190} INFO - ('', 1738521634, 1738521634, 2)
[2025-02-02T18:47:06.272+0000] {logging_mixin.py:190} INFO - ('N720TX  ', 1738521663, 1738521663, 2)
[2025-02-02T18:47:06.273+0000] {logging_mixin.py:190} INFO - ('OKDPH   ', 1738521660, 1738521661, 2)
[2025-02-02T18:47:06.273+0000] {logging_mixin.py:190} INFO - ('RPA3678 ', 1738521646, 1738521648, 2)
[2025-02-02T18:47:06.274+0000] {logging_mixin.py:190} INFO - ('UAL1449 ', 1738521653, 1738521653, 2)
[2025-02-02T18:47:06.275+0000] {logging_mixin.py:190} INFO - ('FBU80G  ', 1738521639, 1738521639, 2)
[2025-02-02T18:47:06.275+0000] {logging_mixin.py:190} INFO - ('SKW5248 ', 1738521633, 1738521633, 2)
[2025-02-02T18:47:06.276+0000] {logging_mixin.py:190} INFO - ('JBU2940 ', 1738521644, 1738521644, 2)
[2025-02-02T18:47:06.276+0000] {logging_mixin.py:190} INFO - ('        ', 1738521944, 1738521944, 3)
[2025-02-02T18:47:06.276+0000] {logging_mixin.py:190} INFO - ('', None, 1738521945, 4)
[2025-02-02T18:47:06.277+0000] {logging_mixin.py:190} INFO - ('KOTA05  ', 1738521638, 1738521642, 2)
[2025-02-02T18:47:06.277+0000] {logging_mixin.py:190} INFO - ('N694DA  ', 1738521635, 1738521635, 2)
[2025-02-02T18:47:06.278+0000] {logging_mixin.py:190} INFO - ('ENT1921 ', 1738520422, 1738521644, 2)
[2025-02-02T18:47:06.278+0000] {logging_mixin.py:190} INFO - ('N636SY  ', 1738521637, 1738521637, 2)
[2025-02-02T18:47:06.278+0000] {logging_mixin.py:190} INFO - ('MAC102  ', 1738521637, 1738521637, 2)
[2025-02-02T18:47:06.279+0000] {logging_mixin.py:190} INFO - ('VLG787U ', 1738521606, 1738521633, 2)
[2025-02-02T18:47:06.279+0000] {logging_mixin.py:190} INFO - ('N7813W  ', 1738521644, 1738521648, 2)
[2025-02-02T18:47:06.279+0000] {logging_mixin.py:190} INFO - ('AVL415  ', 1738521644, 1738521644, 2)
[2025-02-02T18:47:06.280+0000] {logging_mixin.py:190} INFO - ('ASA1266 ', 1738521659, 1738521659, 2)
[2025-02-02T18:47:06.280+0000] {logging_mixin.py:190} INFO - ('AEA7159 ', 1738521603, 1738521641, 2)
[2025-02-02T18:47:06.281+0000] {logging_mixin.py:190} INFO - ('N5962R  ', 1738521650, 1738521650, 2)
[2025-02-02T18:47:06.281+0000] {logging_mixin.py:190} INFO - ('', None, 1738521638, 2)
[2025-02-02T18:47:06.282+0000] {logging_mixin.py:190} INFO - ('', 1738521647, 1738521647, 2)
[2025-02-02T18:47:06.282+0000] {logging_mixin.py:190} INFO - ('SWA2234 ', 1738521637, 1738521638, 2)
[2025-02-02T18:47:06.282+0000] {logging_mixin.py:190} INFO - ('N6420B  ', 1738521664, 1738521664, 2)
[2025-02-02T18:47:06.283+0000] {logging_mixin.py:190} INFO - ('DAL654  ', 1738521648, 1738521648, 2)
[2025-02-02T18:47:06.283+0000] {logging_mixin.py:190} INFO - ('JNA066  ', 1738521637, 1738521637, 2)
[2025-02-02T18:47:06.284+0000] {logging_mixin.py:190} INFO - ('FM5     ', 1738521650, 1738521650, 2)
[2025-02-02T18:47:06.284+0000] {logging_mixin.py:190} INFO - ('CXK176  ', 1738521641, 1738521654, 2)
[2025-02-02T18:47:06.284+0000] {logging_mixin.py:190} INFO - ('N27457  ', 1738521618, 1738521633, 2)
[2025-02-02T18:47:06.285+0000] {logging_mixin.py:190} INFO - ('', 1738521939, 1738521939, 2)
[2025-02-02T18:47:06.285+0000] {logging_mixin.py:190} INFO - ('', None, 1738521944, 2)
[2025-02-02T18:47:06.285+0000] {logging_mixin.py:190} INFO - ('', 1738521944, 1738521944, 6)
[2025-02-02T18:47:06.286+0000] {logging_mixin.py:190} INFO - ('', 1738521739, 1738521739, 2)
[2025-02-02T18:47:06.286+0000] {logging_mixin.py:190} INFO - ('', None, 1738521808, 2)
[2025-02-02T18:47:06.287+0000] {logging_mixin.py:190} INFO - ('', 1738521664, 1738521664, 11)
[2025-02-02T18:47:06.287+0000] {logging_mixin.py:190} INFO - ('', None, 1738521661, 4)
[2025-02-02T18:47:06.287+0000] {logging_mixin.py:190} INFO - ('ELY383  ', 1738521661, 1738521661, 2)
[2025-02-02T18:47:06.287+0000] {logging_mixin.py:190} INFO - ('ASI414  ', 1738521648, 1738521649, 2)
[2025-02-02T18:47:06.288+0000] {logging_mixin.py:190} INFO - ('SKW4688 ', 1738521644, 1738521644, 2)
[2025-02-02T18:47:06.288+0000] {logging_mixin.py:190} INFO - ('', 1738521529, 1738521654, 2)
[2025-02-02T18:47:06.288+0000] {logging_mixin.py:190} INFO - ('UPS37   ', 1738521635, 1738521664, 2)
[2025-02-02T18:47:06.288+0000] {logging_mixin.py:190} INFO - ('N128MA  ', 1738521637, 1738521637, 2)
[2025-02-02T18:47:06.289+0000] {logging_mixin.py:190} INFO - ('N54011  ', 1738521498, 1738521658, 2)
[2025-02-02T18:47:06.289+0000] {logging_mixin.py:190} INFO - ('FDB569  ', 1738521631, 1738521631, 2)
[2025-02-02T18:47:06.289+0000] {logging_mixin.py:190} INFO - ('', 1738521660, 1738521663, 2)
[2025-02-02T18:47:06.290+0000] {logging_mixin.py:190} INFO - ('', 1738521654, 1738521654, 3)
[2025-02-02T18:47:06.290+0000] {logging_mixin.py:190} INFO - ('N5144U  ', 1738521645, 1738521645, 2)
[2025-02-02T18:47:06.290+0000] {logging_mixin.py:190} INFO - ('', None, 1738521654, 2)
[2025-02-02T18:47:06.291+0000] {logging_mixin.py:190} INFO - ('NKS814  ', 1738521639, 1738521644, 2)
[2025-02-02T18:47:06.291+0000] {logging_mixin.py:190} INFO - ('ELY5109 ', 1738521653, 1738521656, 2)
[2025-02-02T18:47:06.291+0000] {logging_mixin.py:190} INFO - ('ENY3962 ', 1738521663, 1738521663, 2)
[2025-02-02T18:47:06.292+0000] {logging_mixin.py:190} INFO - ('HLE98   ', 1738521653, 1738521654, 2)
[2025-02-02T18:47:06.292+0000] {logging_mixin.py:190} INFO - ('DAL898  ', 1738521661, 1738521661, 2)
[2025-02-02T18:47:06.292+0000] {logging_mixin.py:190} INFO - ('SWG527  ', 1738521657, 1738521657, 2)
[2025-02-02T18:47:06.293+0000] {logging_mixin.py:190} INFO - ('', 1738521919, 1738521919, 2)
[2025-02-02T18:47:06.293+0000] {logging_mixin.py:190} INFO - ('', 1738521945, 1738521946, 3)
[2025-02-02T18:47:06.293+0000] {logging_mixin.py:190} INFO - ('', 1738521715, 1738521715, 2)
[2025-02-02T18:47:06.294+0000] {logging_mixin.py:190} INFO - ('', 1738521943, 1738521943, 5)
[2025-02-02T18:47:06.294+0000] {logging_mixin.py:190} INFO - ('', 1738521940, 1738521940, 3)
[2025-02-02T18:47:06.295+0000] {logging_mixin.py:190} INFO - ('AFR15JL ', 1738521662, 1738521662, 2)
[2025-02-02T18:47:06.295+0000] {logging_mixin.py:190} INFO - ('N80868  ', 1738521654, 1738521654, 2)
[2025-02-02T18:47:06.295+0000] {logging_mixin.py:190} INFO - ('GPHTG   ', 1738521631, 1738521631, 2)
[2025-02-02T18:47:06.296+0000] {logging_mixin.py:190} INFO - ('N9512R  ', 1738521647, 1738521647, 2)
[2025-02-02T18:47:06.296+0000] {logging_mixin.py:190} INFO - ('THY5100 ', 1738521650, 1738521653, 2)
[2025-02-02T18:47:06.297+0000] {logging_mixin.py:190} INFO - ('        ', 1738521664, 1738521664, 2)
[2025-02-02T18:47:06.297+0000] {logging_mixin.py:190} INFO - ('ZKDPE   ', 1738521635, 1738521635, 2)
[2025-02-02T18:47:06.297+0000] {logging_mixin.py:190} INFO - ('UAL2479 ', 1738521633, 1738521633, 2)
[2025-02-02T18:47:06.299+0000] {logging_mixin.py:190} INFO - ('RYR9461 ', 1738521658, 1738521658, 2)
[2025-02-02T18:47:06.301+0000] {logging_mixin.py:190} INFO - ('RYR258V ', 1738521630, 1738521635, 2)
[2025-02-02T18:47:06.301+0000] {logging_mixin.py:190} INFO - ('RYR3EW  ', 1738521657, 1738521657, 2)
[2025-02-02T18:47:06.302+0000] {logging_mixin.py:190} INFO - ('', 1738521945, 1738521945, 6)
[2025-02-02T18:47:06.303+0000] {logging_mixin.py:190} INFO - ('', 1738521934, 1738521934, 2)
[2025-02-02T18:47:06.303+0000] {logging_mixin.py:190} INFO - ('', 1738521929, 1738521929, 2)
[2025-02-02T18:47:06.304+0000] {logging_mixin.py:190} INFO - ('N207NX  ', 1738521652, 1738521652, 2)
[2025-02-02T18:47:06.304+0000] {logging_mixin.py:190} INFO - ('ACA105  ', 1738521658, 1738521658, 2)
[2025-02-02T18:47:06.304+0000] {logging_mixin.py:190} INFO - ('MAU843  ', 1738521653, 1738521653, 2)
[2025-02-02T18:47:06.305+0000] {logging_mixin.py:190} INFO - ('TRA95P  ', 1738521654, 1738521654, 2)
[2025-02-02T18:47:06.305+0000] {logging_mixin.py:190} INFO - ('AAL2216 ', 1738521648, 1738521658, 2)
[2025-02-02T18:47:06.305+0000] {logging_mixin.py:190} INFO - ('', 1738521593, 1738521593, 2)
[2025-02-02T18:47:06.306+0000] {logging_mixin.py:190} INFO - ('N424W   ', 1738521636, 1738521636, 2)
[2025-02-02T18:47:06.306+0000] {logging_mixin.py:190} INFO - ('TAM3524 ', 1738521643, 1738521643, 2)
[2025-02-02T18:47:06.306+0000] {logging_mixin.py:190} INFO - ('HVN31   ', 1738521661, 1738521665, 2)
[2025-02-02T18:47:06.307+0000] {logging_mixin.py:190} INFO - ('MSC2813 ', 1738521661, 1738521662, 2)
[2025-02-02T18:47:06.307+0000] {logging_mixin.py:190} INFO - ('UAL435  ', 1738521661, 1738521661, 2)
[2025-02-02T18:47:06.308+0000] {logging_mixin.py:190} INFO - ('RYR703T ', 1738521635, 1738521644, 2)
[2025-02-02T18:47:06.308+0000] {logging_mixin.py:190} INFO - ('N24342  ', 1738521625, 1738521650, 2)
[2025-02-02T18:47:06.308+0000] {logging_mixin.py:190} INFO - ('', None, 1738521665, 2)
[2025-02-02T18:47:06.309+0000] {logging_mixin.py:190} INFO - ('ABL382  ', 1738521664, 1738521664, 2)
[2025-02-02T18:47:06.309+0000] {logging_mixin.py:190} INFO - ('QTR2X   ', 1738521661, 1738521661, 2)
[2025-02-02T18:47:06.314+0000] {python.py:240} INFO - Done. Returned value was: None
[2025-02-02T18:47:06.319+0000] {taskinstance.py:340} INFO - ::group::Post task execution logs
[2025-02-02T18:47:06.319+0000] {taskinstance.py:352} INFO - Marking task as SUCCESS. dag_id=flights_pipeline, task_id=check_duplicates, run_id=manual__2025-02-02T18:45:44.088347+00:00, execution_date=20250202T184544, start_date=20250202T184706, end_date=20250202T184706
[2025-02-02T18:47:06.370+0000] {local_task_job_runner.py:261} INFO - Task exited with return code 0
[2025-02-02T18:47:06.386+0000] {taskinstance.py:3891} INFO - 0 downstream tasks scheduled from follow-on schedule check
[2025-02-02T18:47:06.389+0000] {local_task_job_runner.py:240} INFO - ::endgroup::
