[2025-02-02T21:52:19.708+0000] {local_task_job_runner.py:123} INFO - ::group::Pre task execution logs
[2025-02-02T21:52:19.728+0000] {taskinstance.py:2603} INFO - Dependencies all met for dep_context=non-requeueable deps ti=<TaskInstance: flights_pipeline.check_time_range manual__2025-02-02T21:52:10.858067+00:00 [queued]>
[2025-02-02T21:52:19.739+0000] {taskinstance.py:2603} INFO - Dependencies all met for dep_context=requeueable deps ti=<TaskInstance: flights_pipeline.check_time_range manual__2025-02-02T21:52:10.858067+00:00 [queued]>
[2025-02-02T21:52:19.740+0000] {taskinstance.py:2856} INFO - Starting attempt 1 of 2
[2025-02-02T21:52:19.758+0000] {taskinstance.py:2879} INFO - Executing <Task(_PythonDecoratedOperator): check_time_range> on 2025-02-02 21:52:10.858067+00:00
[2025-02-02T21:52:19.765+0000] {warnings.py:112} WARNING - /home/***/.local/lib/python3.12/site-packages/***/task/task_runner/standard_task_runner.py:70: DeprecationWarning: This process (pid=6980) is multi-threaded, use of fork() may lead to deadlocks in the child.
  pid = os.fork()

[2025-02-02T21:52:19.768+0000] {standard_task_runner.py:72} INFO - Started process 7077 to run task
[2025-02-02T21:52:19.768+0000] {standard_task_runner.py:104} INFO - Running: ['***', 'tasks', 'run', 'flights_pipeline', 'check_time_range', 'manual__2025-02-02T21:52:10.858067+00:00', '--job-id', '119', '--raw', '--subdir', 'DAGS_FOLDER/zdag.py', '--cfg-path', '/tmp/tmpy5y6_fei']
[2025-02-02T21:52:19.769+0000] {standard_task_runner.py:105} INFO - Job 119: Subtask check_time_range
[2025-02-02T21:52:19.851+0000] {task_command.py:467} INFO - Running <TaskInstance: flights_pipeline.check_time_range manual__2025-02-02T21:52:10.858067+00:00 [running]> on host d628bd12729b
[2025-02-02T21:52:19.948+0000] {taskinstance.py:3122} INFO - Exporting env vars: AIRFLOW_CTX_DAG_OWNER='***' AIRFLOW_CTX_DAG_ID='flights_pipeline' AIRFLOW_CTX_TASK_ID='check_time_range' AIRFLOW_CTX_EXECUTION_DATE='2025-02-02T21:52:10.858067+00:00' AIRFLOW_CTX_TRY_NUMBER='1' AIRFLOW_CTX_DAG_RUN_ID='manual__2025-02-02T21:52:10.858067+00:00'
[2025-02-02T21:52:19.949+0000] {taskinstance.py:731} INFO - ::endgroup::
[2025-02-02T21:52:19.978+0000] {logging_mixin.py:190} INFO - Temps min et max vérifiés : min=None, max=None
[2025-02-02T21:52:19.983+0000] {python.py:240} INFO - Done. Returned value was: {'min_time_position': None, 'max_time_position': None}
[2025-02-02T21:52:20.010+0000] {taskinstance.py:340} INFO - ::group::Post task execution logs
[2025-02-02T21:52:20.011+0000] {taskinstance.py:352} INFO - Marking task as SUCCESS. dag_id=flights_pipeline, task_id=check_time_range, run_id=manual__2025-02-02T21:52:10.858067+00:00, execution_date=20250202T215210, start_date=20250202T215219, end_date=20250202T215220
[2025-02-02T21:52:20.064+0000] {local_task_job_runner.py:261} INFO - Task exited with return code 0
[2025-02-02T21:52:20.086+0000] {taskinstance.py:3891} INFO - 0 downstream tasks scheduled from follow-on schedule check
[2025-02-02T21:52:20.089+0000] {local_task_job_runner.py:240} INFO - ::endgroup::
