[2025-02-02T22:00:39.658+0000] {local_task_job_runner.py:123} INFO - ::group::Pre task execution logs
[2025-02-02T22:00:39.686+0000] {taskinstance.py:2603} INFO - Dependencies all met for dep_context=non-requeueable deps ti=<TaskInstance: flights_pipeline.transform_data manual__2025-02-02T22:00:24.944684+00:00 [queued]>
[2025-02-02T22:00:39.705+0000] {taskinstance.py:2603} INFO - Dependencies all met for dep_context=requeueable deps ti=<TaskInstance: flights_pipeline.transform_data manual__2025-02-02T22:00:24.944684+00:00 [queued]>
[2025-02-02T22:00:39.708+0000] {taskinstance.py:2856} INFO - Starting attempt 1 of 2
[2025-02-02T22:00:39.734+0000] {taskinstance.py:2879} INFO - Executing <Task(_PythonDecoratedOperator): transform_data> on 2025-02-02 22:00:24.944684+00:00
[2025-02-02T22:00:39.748+0000] {warnings.py:112} WARNING - /home/***/.local/lib/python3.12/site-packages/***/task/task_runner/standard_task_runner.py:70: DeprecationWarning: This process (pid=7728) is multi-threaded, use of fork() may lead to deadlocks in the child.
  pid = os.fork()

[2025-02-02T22:00:39.750+0000] {standard_task_runner.py:104} INFO - Running: ['***', 'tasks', 'run', 'flights_pipeline', 'transform_data', 'manual__2025-02-02T22:00:24.944684+00:00', '--job-id', '127', '--raw', '--subdir', 'DAGS_FOLDER/zdag.py', '--cfg-path', '/tmp/tmpl79l1tdd']
[2025-02-02T22:00:39.753+0000] {standard_task_runner.py:72} INFO - Started process 7760 to run task
[2025-02-02T22:00:39.754+0000] {standard_task_runner.py:105} INFO - Job 127: Subtask transform_data
[2025-02-02T22:00:39.821+0000] {task_command.py:467} INFO - Running <TaskInstance: flights_pipeline.transform_data manual__2025-02-02T22:00:24.944684+00:00 [running]> on host d628bd12729b
[2025-02-02T22:00:39.964+0000] {taskinstance.py:3122} INFO - Exporting env vars: AIRFLOW_CTX_DAG_OWNER='***' AIRFLOW_CTX_DAG_ID='flights_pipeline' AIRFLOW_CTX_TASK_ID='transform_data' AIRFLOW_CTX_EXECUTION_DATE='2025-02-02T22:00:24.944684+00:00' AIRFLOW_CTX_TRY_NUMBER='1' AIRFLOW_CTX_DAG_RUN_ID='manual__2025-02-02T22:00:24.944684+00:00'
[2025-02-02T22:00:39.966+0000] {taskinstance.py:731} INFO - ::endgroup::
[2025-02-02T22:00:40.027+0000] {logging_mixin.py:190} INFO - Données transformées avec succès.
[2025-02-02T22:00:40.036+0000] {python.py:240} INFO - Done. Returned value was: None
[2025-02-02T22:00:40.053+0000] {taskinstance.py:340} INFO - ::group::Post task execution logs
[2025-02-02T22:00:40.054+0000] {taskinstance.py:352} INFO - Marking task as SUCCESS. dag_id=flights_pipeline, task_id=transform_data, run_id=manual__2025-02-02T22:00:24.944684+00:00, execution_date=20250202T220024, start_date=20250202T220039, end_date=20250202T220040
[2025-02-02T22:00:40.135+0000] {local_task_job_runner.py:261} INFO - Task exited with return code 0
[2025-02-02T22:00:40.228+0000] {taskinstance.py:3891} INFO - 1 downstream tasks scheduled from follow-on schedule check
[2025-02-02T22:00:40.239+0000] {local_task_job_runner.py:240} INFO - ::endgroup::
