[2025-02-02T18:59:18.527+0000] {local_task_job_runner.py:123} INFO - ::group::Pre task execution logs
[2025-02-02T18:59:18.539+0000] {taskinstance.py:2603} INFO - Dependencies all met for dep_context=non-requeueable deps ti=<TaskInstance: flights_pipeline.check_duplicates manual__2025-02-02T18:57:41.796357+00:00 [queued]>
[2025-02-02T18:59:18.544+0000] {taskinstance.py:2603} INFO - Dependencies all met for dep_context=requeueable deps ti=<TaskInstance: flights_pipeline.check_duplicates manual__2025-02-02T18:57:41.796357+00:00 [queued]>
[2025-02-02T18:59:18.545+0000] {taskinstance.py:2856} INFO - Starting attempt 1 of 1
[2025-02-02T18:59:18.554+0000] {taskinstance.py:2879} INFO - Executing <Task(_PythonDecoratedOperator): check_duplicates> on 2025-02-02 18:57:41.796357+00:00
[2025-02-02T18:59:18.559+0000] {warnings.py:112} WARNING - /home/***/.local/lib/python3.12/site-packages/***/task/task_runner/standard_task_runner.py:70: DeprecationWarning: This process (pid=1064) is multi-threaded, use of fork() may lead to deadlocks in the child.
  pid = os.fork()

[2025-02-02T18:59:18.560+0000] {standard_task_runner.py:72} INFO - Started process 1128 to run task
[2025-02-02T18:59:18.560+0000] {standard_task_runner.py:104} INFO - Running: ['***', 'tasks', 'run', 'flights_pipeline', 'check_duplicates', 'manual__2025-02-02T18:57:41.796357+00:00', '--job-id', '49', '--raw', '--subdir', 'DAGS_FOLDER/zdag.py', '--cfg-path', '/tmp/tmp810wb765']
[2025-02-02T18:59:18.561+0000] {standard_task_runner.py:105} INFO - Job 49: Subtask check_duplicates
[2025-02-02T18:59:18.590+0000] {task_command.py:467} INFO - Running <TaskInstance: flights_pipeline.check_duplicates manual__2025-02-02T18:57:41.796357+00:00 [running]> on host d628bd12729b
[2025-02-02T18:59:18.634+0000] {taskinstance.py:3122} INFO - Exporting env vars: AIRFLOW_CTX_DAG_OWNER='***' AIRFLOW_CTX_DAG_ID='flights_pipeline' AIRFLOW_CTX_TASK_ID='check_duplicates' AIRFLOW_CTX_EXECUTION_DATE='2025-02-02T18:57:41.796357+00:00' AIRFLOW_CTX_TRY_NUMBER='1' AIRFLOW_CTX_DAG_RUN_ID='manual__2025-02-02T18:57:41.796357+00:00'
[2025-02-02T18:59:18.636+0000] {taskinstance.py:731} INFO - ::endgroup::
[2025-02-02T18:59:18.713+0000] {logging_mixin.py:190} INFO - Doublons trouvés :
[2025-02-02T18:59:18.714+0000] {logging_mixin.py:190} INFO - ('', 1738521664, 1738521664, 11)
[2025-02-02T18:59:18.716+0000] {logging_mixin.py:190} INFO - ('', None, 1738521661, 4)
[2025-02-02T18:59:18.716+0000] {logging_mixin.py:190} INFO - ('ELY383  ', 1738521661, 1738521661, 2)
[2025-02-02T18:59:18.717+0000] {logging_mixin.py:190} INFO - ('ASI414  ', 1738521648, 1738521649, 2)
[2025-02-02T18:59:18.717+0000] {logging_mixin.py:190} INFO - ('SKW4688 ', 1738521644, 1738521644, 2)
[2025-02-02T18:59:18.718+0000] {logging_mixin.py:190} INFO - ('', 1738521529, 1738521654, 2)
[2025-02-02T18:59:18.718+0000] {logging_mixin.py:190} INFO - ('UPS37   ', 1738521635, 1738521664, 2)
[2025-02-02T18:59:18.718+0000] {logging_mixin.py:190} INFO - ('N128MA  ', 1738521637, 1738521637, 2)
[2025-02-02T18:59:18.718+0000] {logging_mixin.py:190} INFO - ('N54011  ', 1738521498, 1738521658, 2)
[2025-02-02T18:59:18.719+0000] {logging_mixin.py:190} INFO - ('FDB569  ', 1738521631, 1738521631, 2)
[2025-02-02T18:59:18.719+0000] {logging_mixin.py:190} INFO - ('', 1738521660, 1738521663, 2)
[2025-02-02T18:59:18.720+0000] {logging_mixin.py:190} INFO - ('', 1738521654, 1738521654, 3)
[2025-02-02T18:59:18.720+0000] {logging_mixin.py:190} INFO - ('N5144U  ', 1738521645, 1738521645, 2)
[2025-02-02T18:59:18.720+0000] {logging_mixin.py:190} INFO - ('', None, 1738521654, 2)
[2025-02-02T18:59:18.720+0000] {logging_mixin.py:190} INFO - ('NKS814  ', 1738521639, 1738521644, 2)
[2025-02-02T18:59:18.721+0000] {logging_mixin.py:190} INFO - ('ELY5109 ', 1738521653, 1738521656, 2)
[2025-02-02T18:59:18.721+0000] {logging_mixin.py:190} INFO - ('ENY3962 ', 1738521663, 1738521663, 2)
[2025-02-02T18:59:18.721+0000] {logging_mixin.py:190} INFO - ('HLE98   ', 1738521653, 1738521654, 2)
[2025-02-02T18:59:18.722+0000] {logging_mixin.py:190} INFO - ('DAL898  ', 1738521661, 1738521661, 2)
[2025-02-02T18:59:18.722+0000] {logging_mixin.py:190} INFO - ('SWG527  ', 1738521657, 1738521657, 2)
[2025-02-02T18:59:18.723+0000] {logging_mixin.py:190} INFO - ('', 1738521919, 1738521919, 2)
[2025-02-02T18:59:18.724+0000] {logging_mixin.py:190} INFO - ('', 1738521945, 1738521946, 3)
[2025-02-02T18:59:18.728+0000] {logging_mixin.py:190} INFO - ('', 1738521715, 1738521715, 2)
[2025-02-02T18:59:18.731+0000] {logging_mixin.py:190} INFO - ('', 1738521943, 1738521943, 5)
[2025-02-02T18:59:18.732+0000] {logging_mixin.py:190} INFO - ('', 1738521940, 1738521940, 3)
[2025-02-02T18:59:18.733+0000] {logging_mixin.py:190} INFO - ('', 1738522192, 1738522192, 2)
[2025-02-02T18:59:18.737+0000] {logging_mixin.py:190} INFO - ('        ', 1738522300, 1738522300, 3)
[2025-02-02T18:59:18.739+0000] {logging_mixin.py:190} INFO - ('', 1738522264, 1738522264, 2)
[2025-02-02T18:59:18.741+0000] {logging_mixin.py:190} INFO - ('', 1738522302, 1738522302, 4)
[2025-02-02T18:59:18.743+0000] {logging_mixin.py:190} INFO - ('N       ', 1738522661, 1738522661, 2)
[2025-02-02T18:59:18.743+0000] {logging_mixin.py:190} INFO - ('KOTA05  ', 1738521638, 1738521642, 2)
[2025-02-02T18:59:18.745+0000] {logging_mixin.py:190} INFO - ('N694DA  ', 1738521635, 1738521635, 2)
[2025-02-02T18:59:18.749+0000] {logging_mixin.py:190} INFO - ('ENT1921 ', 1738520422, 1738521644, 2)
[2025-02-02T18:59:18.751+0000] {logging_mixin.py:190} INFO - ('N636SY  ', 1738521637, 1738521637, 2)
[2025-02-02T18:59:18.752+0000] {logging_mixin.py:190} INFO - ('MAC102  ', 1738521637, 1738521637, 2)
[2025-02-02T18:59:18.753+0000] {logging_mixin.py:190} INFO - ('VLG787U ', 1738521606, 1738521633, 2)
[2025-02-02T18:59:18.756+0000] {logging_mixin.py:190} INFO - ('N7813W  ', 1738521644, 1738521648, 2)
[2025-02-02T18:59:18.756+0000] {logging_mixin.py:190} INFO - ('AVL415  ', 1738521644, 1738521644, 2)
[2025-02-02T18:59:18.757+0000] {logging_mixin.py:190} INFO - ('ASA1266 ', 1738521659, 1738521659, 2)
[2025-02-02T18:59:18.757+0000] {logging_mixin.py:190} INFO - ('AEA7159 ', 1738521603, 1738521641, 2)
[2025-02-02T18:59:18.757+0000] {logging_mixin.py:190} INFO - ('N5962R  ', 1738521650, 1738521650, 2)
[2025-02-02T18:59:18.759+0000] {logging_mixin.py:190} INFO - ('', None, 1738521638, 2)
[2025-02-02T18:59:18.760+0000] {logging_mixin.py:190} INFO - ('', 1738521647, 1738521647, 2)
[2025-02-02T18:59:18.760+0000] {logging_mixin.py:190} INFO - ('SWA2234 ', 1738521637, 1738521638, 2)
[2025-02-02T18:59:18.761+0000] {logging_mixin.py:190} INFO - ('N6420B  ', 1738521664, 1738521664, 2)
[2025-02-02T18:59:18.761+0000] {logging_mixin.py:190} INFO - ('DAL654  ', 1738521648, 1738521648, 2)
[2025-02-02T18:59:18.761+0000] {logging_mixin.py:190} INFO - ('JNA066  ', 1738521637, 1738521637, 2)
[2025-02-02T18:59:18.761+0000] {logging_mixin.py:190} INFO - ('FM5     ', 1738521650, 1738521650, 2)
[2025-02-02T18:59:18.762+0000] {logging_mixin.py:190} INFO - ('CXK176  ', 1738521641, 1738521654, 2)
[2025-02-02T18:59:18.762+0000] {logging_mixin.py:190} INFO - ('N27457  ', 1738521618, 1738521633, 2)
[2025-02-02T18:59:18.762+0000] {logging_mixin.py:190} INFO - ('', 1738521939, 1738521939, 2)
[2025-02-02T18:59:18.763+0000] {logging_mixin.py:190} INFO - ('', None, 1738521944, 2)
[2025-02-02T18:59:18.764+0000] {logging_mixin.py:190} INFO - ('', 1738521944, 1738521944, 6)
[2025-02-02T18:59:18.764+0000] {logging_mixin.py:190} INFO - ('', 1738521739, 1738521739, 2)
[2025-02-02T18:59:18.764+0000] {logging_mixin.py:190} INFO - ('', None, 1738521808, 2)
[2025-02-02T18:59:18.764+0000] {logging_mixin.py:190} INFO - ('', 1738522298, 1738522298, 6)
[2025-02-02T18:59:18.765+0000] {logging_mixin.py:190} INFO - ('', 1738522300, 1738522300, 6)
[2025-02-02T18:59:18.765+0000] {logging_mixin.py:190} INFO - ('', None, 1738522590, 2)
[2025-02-02T18:59:18.765+0000] {logging_mixin.py:190} INFO - ('        ', 1738522660, 1738522660, 2)
[2025-02-02T18:59:18.765+0000] {logging_mixin.py:190} INFO - ('', None, 1738522653, 2)
[2025-02-02T18:59:18.766+0000] {logging_mixin.py:190} INFO - ('AAL1341 ', 1738521639, 1738521639, 2)
[2025-02-02T18:59:18.766+0000] {logging_mixin.py:190} INFO - ('', None, 1738521586, 2)
[2025-02-02T18:59:18.766+0000] {logging_mixin.py:190} INFO - ('', None, 1738521662, 2)
[2025-02-02T18:59:18.766+0000] {logging_mixin.py:190} INFO - ('N43325  ', 1738521641, 1738521647, 2)
[2025-02-02T18:59:18.767+0000] {logging_mixin.py:190} INFO - ('', None, 1738521660, 2)
[2025-02-02T18:59:18.767+0000] {logging_mixin.py:190} INFO - ('SKW3369 ', 1738521650, 1738521651, 2)
[2025-02-02T18:59:18.767+0000] {logging_mixin.py:190} INFO - ('', None, 1738521609, 2)
[2025-02-02T18:59:18.767+0000] {logging_mixin.py:190} INFO - ('1DZD775 ', 1738521641, 1738521641, 2)
[2025-02-02T18:59:18.768+0000] {logging_mixin.py:190} INFO - ('N601QA  ', 1738521631, 1738521633, 2)
[2025-02-02T18:59:18.768+0000] {logging_mixin.py:190} INFO - ('', 1738522275, 1738522275, 2)
[2025-02-02T18:59:18.768+0000] {logging_mixin.py:190} INFO - ('', None, 1738522302, 2)
[2025-02-02T18:59:18.769+0000] {logging_mixin.py:190} INFO - ('', None, 1738522289, 3)
[2025-02-02T18:59:18.769+0000] {logging_mixin.py:190} INFO - ('', 1738522640, 1738522640, 2)
[2025-02-02T18:59:18.770+0000] {logging_mixin.py:190} INFO - ('', 1738522654, 1738522654, 3)
[2025-02-02T18:59:18.770+0000] {logging_mixin.py:190} INFO - ('', 1738522579, 1738522579, 2)
[2025-02-02T18:59:18.770+0000] {logging_mixin.py:190} INFO - ('', 1738522660, 1738522660, 4)
[2025-02-02T18:59:18.771+0000] {logging_mixin.py:190} INFO - ('', None, 1738522439, 2)
[2025-02-02T18:59:18.771+0000] {logging_mixin.py:190} INFO - ('SKW3472 ', 1738521659, 1738521662, 2)
[2025-02-02T18:59:18.771+0000] {logging_mixin.py:190} INFO - ('N111LD  ', 1738521648, 1738521652, 2)
[2025-02-02T18:59:18.772+0000] {logging_mixin.py:190} INFO - ('', 1738521663, 1738521663, 5)
[2025-02-02T18:59:18.772+0000] {logging_mixin.py:190} INFO - ('IGO6798 ', 1738521638, 1738521638, 2)
[2025-02-02T18:59:18.772+0000] {logging_mixin.py:190} INFO - ('', None, 1738521580, 2)
[2025-02-02T18:59:18.772+0000] {logging_mixin.py:190} INFO - ('GJS4165 ', 1738521631, 1738521631, 2)
[2025-02-02T18:59:18.772+0000] {logging_mixin.py:190} INFO - ('N2245W  ', 1738521664, 1738521664, 2)
[2025-02-02T18:59:18.773+0000] {logging_mixin.py:190} INFO - ('', None, 1738521664, 4)
[2025-02-02T18:59:18.773+0000] {logging_mixin.py:190} INFO - ('CXK1094 ', 1738521633, 1738521633, 2)
[2025-02-02T18:59:18.774+0000] {logging_mixin.py:190} INFO - ('', None, 1738521653, 2)
[2025-02-02T18:59:18.774+0000] {logging_mixin.py:190} INFO - ('ASA852  ', 1738521643, 1738521643, 2)
[2025-02-02T18:59:18.774+0000] {logging_mixin.py:190} INFO - ('N388PG  ', 1738521633, 1738521636, 2)
[2025-02-02T18:59:18.774+0000] {logging_mixin.py:190} INFO - ('N5916J  ', 1738521636, 1738521636, 2)
[2025-02-02T18:59:18.775+0000] {logging_mixin.py:190} INFO - ('N181DJ  ', 1738521645, 1738521645, 2)
[2025-02-02T18:59:18.775+0000] {logging_mixin.py:190} INFO - ('N634GR  ', 1738521632, 1738521632, 2)
[2025-02-02T18:59:18.776+0000] {logging_mixin.py:190} INFO - ('NKS503  ', 1738521623, 1738521637, 2)
[2025-02-02T18:59:18.776+0000] {logging_mixin.py:190} INFO - ('EDV5353 ', 1738521628, 1738521636, 2)
[2025-02-02T18:59:18.776+0000] {logging_mixin.py:190} INFO - ('DAL1196 ', 1738521656, 1738521656, 2)
[2025-02-02T18:59:18.776+0000] {logging_mixin.py:190} INFO - ('SKW5743 ', 1738521637, 1738521637, 2)
[2025-02-02T18:59:18.777+0000] {logging_mixin.py:190} INFO - ('12345678', 1738521945, 1738521945, 2)
[2025-02-02T18:59:18.777+0000] {logging_mixin.py:190} INFO - ('', 1738522303, 1738522303, 5)
[2025-02-02T18:59:18.777+0000] {logging_mixin.py:190} INFO - ('        ', 1738522607, 1738522607, 2)
[2025-02-02T18:59:18.777+0000] {logging_mixin.py:190} INFO - ('', 1738522655, 1738522655, 2)
[2025-02-02T18:59:18.777+0000] {logging_mixin.py:190} INFO - ('N207NX  ', 1738521652, 1738521652, 2)
[2025-02-02T18:59:18.778+0000] {logging_mixin.py:190} INFO - ('ACA105  ', 1738521658, 1738521658, 2)
[2025-02-02T18:59:18.778+0000] {logging_mixin.py:190} INFO - ('MAU843  ', 1738521653, 1738521653, 2)
[2025-02-02T18:59:18.778+0000] {logging_mixin.py:190} INFO - ('TRA95P  ', 1738521654, 1738521654, 2)
[2025-02-02T18:59:18.778+0000] {logging_mixin.py:190} INFO - ('AAL2216 ', 1738521648, 1738521658, 2)
[2025-02-02T18:59:18.778+0000] {logging_mixin.py:190} INFO - ('', 1738521593, 1738521593, 2)
[2025-02-02T18:59:18.779+0000] {logging_mixin.py:190} INFO - ('N424W   ', 1738521636, 1738521636, 2)
[2025-02-02T18:59:18.779+0000] {logging_mixin.py:190} INFO - ('TAM3524 ', 1738521643, 1738521643, 2)
[2025-02-02T18:59:18.779+0000] {logging_mixin.py:190} INFO - ('HVN31   ', 1738521661, 1738521665, 2)
[2025-02-02T18:59:18.779+0000] {logging_mixin.py:190} INFO - ('MSC2813 ', 1738521661, 1738521662, 2)
[2025-02-02T18:59:18.780+0000] {logging_mixin.py:190} INFO - ('UAL435  ', 1738521661, 1738521661, 2)
[2025-02-02T18:59:18.780+0000] {logging_mixin.py:190} INFO - ('RYR703T ', 1738521635, 1738521644, 2)
[2025-02-02T18:59:18.780+0000] {logging_mixin.py:190} INFO - ('N24342  ', 1738521625, 1738521650, 2)
[2025-02-02T18:59:18.780+0000] {logging_mixin.py:190} INFO - ('', None, 1738521665, 2)
[2025-02-02T18:59:18.781+0000] {logging_mixin.py:190} INFO - ('ABL382  ', 1738521664, 1738521664, 2)
[2025-02-02T18:59:18.781+0000] {logging_mixin.py:190} INFO - ('QTR2X   ', 1738521661, 1738521661, 2)
[2025-02-02T18:59:18.781+0000] {logging_mixin.py:190} INFO - ('', None, 1738522301, 3)
[2025-02-02T18:59:18.781+0000] {logging_mixin.py:190} INFO - ('', 1738522295, 1738522295, 2)
[2025-02-02T18:59:18.782+0000] {logging_mixin.py:190} INFO - ('', 1738522299, 1738522299, 4)
[2025-02-02T18:59:18.782+0000] {logging_mixin.py:190} INFO - ('', 1738522271, 1738522271, 2)
[2025-02-02T18:59:18.782+0000] {logging_mixin.py:190} INFO - ('', 1738522531, 1738522531, 2)
[2025-02-02T18:59:18.782+0000] {logging_mixin.py:190} INFO - ('', None, 1738522661, 3)
[2025-02-02T18:59:18.783+0000] {logging_mixin.py:190} INFO - ('AFR15JL ', 1738521662, 1738521662, 2)
[2025-02-02T18:59:18.783+0000] {logging_mixin.py:190} INFO - ('N80868  ', 1738521654, 1738521654, 2)
[2025-02-02T18:59:18.783+0000] {logging_mixin.py:190} INFO - ('GPHTG   ', 1738521631, 1738521631, 2)
[2025-02-02T18:59:18.784+0000] {logging_mixin.py:190} INFO - ('N9512R  ', 1738521647, 1738521647, 2)
[2025-02-02T18:59:18.784+0000] {logging_mixin.py:190} INFO - ('THY5100 ', 1738521650, 1738521653, 2)
[2025-02-02T18:59:18.784+0000] {logging_mixin.py:190} INFO - ('        ', 1738521664, 1738521664, 2)
[2025-02-02T18:59:18.785+0000] {logging_mixin.py:190} INFO - ('ZKDPE   ', 1738521635, 1738521635, 2)
[2025-02-02T18:59:18.789+0000] {logging_mixin.py:190} INFO - ('UAL2479 ', 1738521633, 1738521633, 2)
[2025-02-02T18:59:18.790+0000] {logging_mixin.py:190} INFO - ('RYR9461 ', 1738521658, 1738521658, 2)
[2025-02-02T18:59:18.791+0000] {logging_mixin.py:190} INFO - ('RYR258V ', 1738521630, 1738521635, 2)
[2025-02-02T18:59:18.791+0000] {logging_mixin.py:190} INFO - ('RYR3EW  ', 1738521657, 1738521657, 2)
[2025-02-02T18:59:18.792+0000] {logging_mixin.py:190} INFO - ('', 1738521945, 1738521945, 6)
[2025-02-02T18:59:18.792+0000] {logging_mixin.py:190} INFO - ('', 1738521934, 1738521934, 2)
[2025-02-02T18:59:18.793+0000] {logging_mixin.py:190} INFO - ('', 1738521929, 1738521929, 2)
[2025-02-02T18:59:18.793+0000] {logging_mixin.py:190} INFO - ('', None, 1738522300, 3)
[2025-02-02T18:59:18.793+0000] {logging_mixin.py:190} INFO - ('', None, 1738522296, 2)
[2025-02-02T18:59:18.794+0000] {logging_mixin.py:190} INFO - ('', 1738522658, 1738522658, 10)
[2025-02-02T18:59:18.797+0000] {logging_mixin.py:190} INFO - ('        ', 1738522658, 1738522658, 3)
[2025-02-02T18:59:18.798+0000] {logging_mixin.py:190} INFO - ('', None, 1738522660, 3)
[2025-02-02T18:59:18.798+0000] {logging_mixin.py:190} INFO - ('AIQ536  ', 1738521652, 1738521661, 2)
[2025-02-02T18:59:18.799+0000] {logging_mixin.py:190} INFO - ('', 1738521665, 1738521665, 9)
[2025-02-02T18:59:18.799+0000] {logging_mixin.py:190} INFO - ('N55SP   ', 1738521664, 1738521664, 2)
[2025-02-02T18:59:18.799+0000] {logging_mixin.py:190} INFO - ('EJA313  ', 1738521658, 1738521658, 2)
[2025-02-02T18:59:18.799+0000] {logging_mixin.py:190} INFO - ('', None, 1738521647, 3)
[2025-02-02T18:59:18.800+0000] {logging_mixin.py:190} INFO - ('FGOVB   ', 1738521662, 1738521662, 2)
[2025-02-02T18:59:18.800+0000] {logging_mixin.py:190} INFO - ('N424CM  ', 1738521631, 1738521631, 2)
[2025-02-02T18:59:18.801+0000] {logging_mixin.py:190} INFO - ('N1283R  ', 1738521662, 1738521662, 2)
[2025-02-02T18:59:18.803+0000] {logging_mixin.py:190} INFO - ('UAL2233 ', 1738521649, 1738521654, 2)
[2025-02-02T18:59:18.803+0000] {logging_mixin.py:190} INFO - ('N18RC   ', 1738521641, 1738521641, 2)
[2025-02-02T18:59:18.806+0000] {logging_mixin.py:190} INFO - ('AFL5802 ', 1738520145, 1738521637, 2)
[2025-02-02T18:59:18.808+0000] {logging_mixin.py:190} INFO - ('TUG15   ', 1738521658, 1738521658, 2)
[2025-02-02T18:59:18.809+0000] {logging_mixin.py:190} INFO - ('N9137M  ', 1738521649, 1738521649, 2)
[2025-02-02T18:59:18.809+0000] {logging_mixin.py:190} INFO - ('CGNWX   ', 1738521630, 1738521636, 2)
[2025-02-02T18:59:18.811+0000] {logging_mixin.py:190} INFO - ('', None, 1738521930, 2)
[2025-02-02T18:59:18.812+0000] {logging_mixin.py:190} INFO - ('', 1738521946, 1738521946, 2)
[2025-02-02T18:59:18.812+0000] {logging_mixin.py:190} INFO - ('', 1738522301, 1738522301, 8)
[2025-02-02T18:59:18.815+0000] {logging_mixin.py:190} INFO - ('', 1738522659, 1738522659, 4)
[2025-02-02T18:59:18.815+0000] {logging_mixin.py:190} INFO - ('AAL705  ', 1738521648, 1738521650, 2)
[2025-02-02T18:59:18.816+0000] {logging_mixin.py:190} INFO - ('N       ', 1738521665, 1738521665, 2)
[2025-02-02T18:59:18.816+0000] {logging_mixin.py:190} INFO - ('FHANG   ', 1738521655, 1738521655, 2)
[2025-02-02T18:59:18.820+0000] {logging_mixin.py:190} INFO - ('CCM80NQ ', 1738521657, 1738521657, 2)
[2025-02-02T18:59:18.821+0000] {logging_mixin.py:190} INFO - ('', 1738521662, 1738521662, 5)
[2025-02-02T18:59:18.821+0000] {logging_mixin.py:190} INFO - ('', 1738521404, 1738521404, 2)
[2025-02-02T18:59:18.825+0000] {logging_mixin.py:190} INFO - ('', 1738521634, 1738521634, 2)
[2025-02-02T18:59:18.826+0000] {logging_mixin.py:190} INFO - ('N720TX  ', 1738521663, 1738521663, 2)
[2025-02-02T18:59:18.827+0000] {logging_mixin.py:190} INFO - ('OKDPH   ', 1738521660, 1738521661, 2)
[2025-02-02T18:59:18.828+0000] {logging_mixin.py:190} INFO - ('RPA3678 ', 1738521646, 1738521648, 2)
[2025-02-02T18:59:18.829+0000] {logging_mixin.py:190} INFO - ('UAL1449 ', 1738521653, 1738521653, 2)
[2025-02-02T18:59:18.831+0000] {logging_mixin.py:190} INFO - ('FBU80G  ', 1738521639, 1738521639, 2)
[2025-02-02T18:59:18.833+0000] {logging_mixin.py:190} INFO - ('SKW5248 ', 1738521633, 1738521633, 2)
[2025-02-02T18:59:18.833+0000] {logging_mixin.py:190} INFO - ('JBU2940 ', 1738521644, 1738521644, 2)
[2025-02-02T18:59:18.834+0000] {logging_mixin.py:190} INFO - ('        ', 1738521944, 1738521944, 3)
[2025-02-02T18:59:18.839+0000] {logging_mixin.py:190} INFO - ('', None, 1738521945, 4)
[2025-02-02T18:59:18.841+0000] {logging_mixin.py:190} INFO - ('', 1738522661, 1738522661, 8)
[2025-02-02T18:59:18.842+0000] {logging_mixin.py:190} INFO - ('', None, 1738522651, 2)
[2025-02-02T18:59:18.843+0000] {logging_mixin.py:190} INFO - ('', 1738522639, 1738522639, 2)
[2025-02-02T18:59:18.852+0000] {python.py:240} INFO - Done. Returned value was: None
[2025-02-02T18:59:18.858+0000] {taskinstance.py:340} INFO - ::group::Post task execution logs
[2025-02-02T18:59:18.859+0000] {taskinstance.py:352} INFO - Marking task as SUCCESS. dag_id=flights_pipeline, task_id=check_duplicates, run_id=manual__2025-02-02T18:57:41.796357+00:00, execution_date=20250202T185741, start_date=20250202T185918, end_date=20250202T185918
[2025-02-02T18:59:18.895+0000] {local_task_job_runner.py:261} INFO - Task exited with return code 0
[2025-02-02T18:59:18.905+0000] {taskinstance.py:3891} INFO - 0 downstream tasks scheduled from follow-on schedule check
[2025-02-02T18:59:18.909+0000] {local_task_job_runner.py:240} INFO - ::endgroup::
