[2025-02-02T21:59:53.308+0000] {local_task_job_runner.py:123} INFO - ::group::Pre task execution logs
[2025-02-02T21:59:53.335+0000] {taskinstance.py:2603} INFO - Dependencies all met for dep_context=non-requeueable deps ti=<TaskInstance: flights_pipeline.check_time_range manual__2025-02-02T21:59:41.739881+00:00 [queued]>
[2025-02-02T21:59:53.347+0000] {taskinstance.py:2603} INFO - Dependencies all met for dep_context=requeueable deps ti=<TaskInstance: flights_pipeline.check_time_range manual__2025-02-02T21:59:41.739881+00:00 [queued]>
[2025-02-02T21:59:53.349+0000] {taskinstance.py:2856} INFO - Starting attempt 1 of 2
[2025-02-02T21:59:53.369+0000] {taskinstance.py:2879} INFO - Executing <Task(_PythonDecoratedOperator): check_time_range> on 2025-02-02 21:59:41.739881+00:00
[2025-02-02T21:59:53.381+0000] {warnings.py:112} WARNING - /home/***/.local/lib/python3.12/site-packages/***/task/task_runner/standard_task_runner.py:70: DeprecationWarning: This process (pid=7557) is multi-threaded, use of fork() may lead to deadlocks in the child.
  pid = os.fork()

[2025-02-02T21:59:53.384+0000] {standard_task_runner.py:104} INFO - Running: ['***', 'tasks', 'run', 'flights_pipeline', 'check_time_range', 'manual__2025-02-02T21:59:41.739881+00:00', '--job-id', '124', '--raw', '--subdir', 'DAGS_FOLDER/zdag.py', '--cfg-path', '/tmp/tmp0k11o9mi']
[2025-02-02T21:59:53.386+0000] {standard_task_runner.py:72} INFO - Started process 7589 to run task
[2025-02-02T21:59:53.387+0000] {standard_task_runner.py:105} INFO - Job 124: Subtask check_time_range
[2025-02-02T21:59:53.457+0000] {task_command.py:467} INFO - Running <TaskInstance: flights_pipeline.check_time_range manual__2025-02-02T21:59:41.739881+00:00 [running]> on host d628bd12729b
[2025-02-02T21:59:53.576+0000] {taskinstance.py:3122} INFO - Exporting env vars: AIRFLOW_CTX_DAG_OWNER='***' AIRFLOW_CTX_DAG_ID='flights_pipeline' AIRFLOW_CTX_TASK_ID='check_time_range' AIRFLOW_CTX_EXECUTION_DATE='2025-02-02T21:59:41.739881+00:00' AIRFLOW_CTX_TRY_NUMBER='1' AIRFLOW_CTX_DAG_RUN_ID='manual__2025-02-02T21:59:41.739881+00:00'
[2025-02-02T21:59:53.589+0000] {taskinstance.py:731} INFO - ::endgroup::
[2025-02-02T21:59:53.749+0000] {logging_mixin.py:190} INFO - Temps min et max vérifiés : min=None, max=None
[2025-02-02T21:59:53.759+0000] {python.py:240} INFO - Done. Returned value was: {'min_time_position': None, 'max_time_position': None}
[2025-02-02T21:59:53.813+0000] {taskinstance.py:340} INFO - ::group::Post task execution logs
[2025-02-02T21:59:53.815+0000] {taskinstance.py:352} INFO - Marking task as SUCCESS. dag_id=flights_pipeline, task_id=check_time_range, run_id=manual__2025-02-02T21:59:41.739881+00:00, execution_date=20250202T215941, start_date=20250202T215953, end_date=20250202T215953
[2025-02-02T21:59:53.891+0000] {local_task_job_runner.py:261} INFO - Task exited with return code 0
[2025-02-02T21:59:53.936+0000] {taskinstance.py:3891} INFO - 0 downstream tasks scheduled from follow-on schedule check
[2025-02-02T21:59:53.947+0000] {local_task_job_runner.py:240} INFO - ::endgroup::
