[2025-02-02T20:53:19.770+0000] {local_task_job_runner.py:123} INFO - ::group::Pre task execution logs
[2025-02-02T20:53:19.784+0000] {taskinstance.py:2603} INFO - Dependencies all met for dep_context=non-requeueable deps ti=<TaskInstance: flights_pipeline.load_data_into_duckdb manual__2025-02-02T20:48:09.725355+00:00 [queued]>
[2025-02-02T20:53:19.789+0000] {taskinstance.py:2603} INFO - Dependencies all met for dep_context=requeueable deps ti=<TaskInstance: flights_pipeline.load_data_into_duckdb manual__2025-02-02T20:48:09.725355+00:00 [queued]>
[2025-02-02T20:53:19.790+0000] {taskinstance.py:2856} INFO - Starting attempt 2 of 2
[2025-02-02T20:53:19.799+0000] {taskinstance.py:2879} INFO - Executing <Task(_PythonDecoratedOperator): load_data_into_duckdb> on 2025-02-02 20:48:09.725355+00:00
[2025-02-02T20:53:19.805+0000] {warnings.py:112} WARNING - /home/***/.local/lib/python3.12/site-packages/***/task/task_runner/standard_task_runner.py:70: DeprecationWarning: This process (pid=4762) is multi-threaded, use of fork() may lead to deadlocks in the child.
  pid = os.fork()

[2025-02-02T20:53:19.806+0000] {standard_task_runner.py:104} INFO - Running: ['***', 'tasks', 'run', 'flights_pipeline', 'load_data_into_duckdb', 'manual__2025-02-02T20:48:09.725355+00:00', '--job-id', '91', '--raw', '--subdir', 'DAGS_FOLDER/zdag.py', '--cfg-path', '/tmp/tmpfp8mgv3x']
[2025-02-02T20:53:19.806+0000] {standard_task_runner.py:72} INFO - Started process 4794 to run task
[2025-02-02T20:53:19.807+0000] {standard_task_runner.py:105} INFO - Job 91: Subtask load_data_into_duckdb
[2025-02-02T20:53:19.854+0000] {task_command.py:467} INFO - Running <TaskInstance: flights_pipeline.load_data_into_duckdb manual__2025-02-02T20:48:09.725355+00:00 [running]> on host d628bd12729b
[2025-02-02T20:53:19.916+0000] {taskinstance.py:3122} INFO - Exporting env vars: AIRFLOW_CTX_DAG_OWNER='***' AIRFLOW_CTX_DAG_ID='flights_pipeline' AIRFLOW_CTX_TASK_ID='load_data_into_duckdb' AIRFLOW_CTX_EXECUTION_DATE='2025-02-02T20:48:09.725355+00:00' AIRFLOW_CTX_TRY_NUMBER='2' AIRFLOW_CTX_DAG_RUN_ID='manual__2025-02-02T20:48:09.725355+00:00'
[2025-02-02T20:53:19.917+0000] {taskinstance.py:731} INFO - ::endgroup::
[2025-02-02T20:53:19.960+0000] {logging_mixin.py:190} INFO - Données chargées dans DuckDB avec succès.
[2025-02-02T20:53:19.970+0000] {python.py:240} INFO - Done. Returned value was: None
[2025-02-02T20:53:19.980+0000] {taskinstance.py:340} INFO - ::group::Post task execution logs
[2025-02-02T20:53:19.980+0000] {taskinstance.py:352} INFO - Marking task as SUCCESS. dag_id=flights_pipeline, task_id=load_data_into_duckdb, run_id=manual__2025-02-02T20:48:09.725355+00:00, execution_date=20250202T204809, start_date=20250202T205319, end_date=20250202T205319
[2025-02-02T20:53:20.022+0000] {local_task_job_runner.py:261} INFO - Task exited with return code 0
[2025-02-02T20:53:20.037+0000] {taskinstance.py:3891} INFO - 0 downstream tasks scheduled from follow-on schedule check
[2025-02-02T20:53:20.045+0000] {local_task_job_runner.py:240} INFO - ::endgroup::
