[2025-02-02T20:39:15.860+0000] {local_task_job_runner.py:123} INFO - ::group::Pre task execution logs
[2025-02-02T20:39:15.877+0000] {taskinstance.py:2603} INFO - Dependencies all met for dep_context=non-requeueable deps ti=<TaskInstance: flights_pipeline.create_or_truncate_table manual__2025-02-02T20:39:13.519752+00:00 [queued]>
[2025-02-02T20:39:15.884+0000] {taskinstance.py:2603} INFO - Dependencies all met for dep_context=requeueable deps ti=<TaskInstance: flights_pipeline.create_or_truncate_table manual__2025-02-02T20:39:13.519752+00:00 [queued]>
[2025-02-02T20:39:15.885+0000] {taskinstance.py:2856} INFO - Starting attempt 1 of 2
[2025-02-02T20:39:15.899+0000] {taskinstance.py:2879} INFO - Executing <Task(_PythonDecoratedOperator): create_or_truncate_table> on 2025-02-02 20:39:13.519752+00:00
[2025-02-02T20:39:15.904+0000] {warnings.py:112} WARNING - /home/***/.local/lib/python3.12/site-packages/***/task/task_runner/standard_task_runner.py:70: DeprecationWarning: This process (pid=3451) is multi-threaded, use of fork() may lead to deadlocks in the child.
  pid = os.fork()

[2025-02-02T20:39:15.905+0000] {standard_task_runner.py:104} INFO - Running: ['***', 'tasks', 'run', 'flights_pipeline', 'create_or_truncate_table', 'manual__2025-02-02T20:39:13.519752+00:00', '--job-id', '71', '--raw', '--subdir', 'DAGS_FOLDER/zdag.py', '--cfg-path', '/tmp/tmp0pi2yj4j']
[2025-02-02T20:39:15.908+0000] {standard_task_runner.py:72} INFO - Started process 3483 to run task
[2025-02-02T20:39:15.909+0000] {standard_task_runner.py:105} INFO - Job 71: Subtask create_or_truncate_table
[2025-02-02T20:39:15.958+0000] {task_command.py:467} INFO - Running <TaskInstance: flights_pipeline.create_or_truncate_table manual__2025-02-02T20:39:13.519752+00:00 [running]> on host d628bd12729b
[2025-02-02T20:39:16.029+0000] {taskinstance.py:3122} INFO - Exporting env vars: AIRFLOW_CTX_DAG_OWNER='***' AIRFLOW_CTX_DAG_ID='flights_pipeline' AIRFLOW_CTX_TASK_ID='create_or_truncate_table' AIRFLOW_CTX_EXECUTION_DATE='2025-02-02T20:39:13.519752+00:00' AIRFLOW_CTX_TRY_NUMBER='1' AIRFLOW_CTX_DAG_RUN_ID='manual__2025-02-02T20:39:13.519752+00:00'
[2025-02-02T20:39:16.030+0000] {taskinstance.py:731} INFO - ::endgroup::
[2025-02-02T20:39:16.076+0000] {logging_mixin.py:190} INFO - Table created successfully.
[2025-02-02T20:39:16.090+0000] {python.py:240} INFO - Done. Returned value was: None
[2025-02-02T20:39:16.098+0000] {taskinstance.py:340} INFO - ::group::Post task execution logs
[2025-02-02T20:39:16.099+0000] {taskinstance.py:352} INFO - Marking task as SUCCESS. dag_id=flights_pipeline, task_id=create_or_truncate_table, run_id=manual__2025-02-02T20:39:13.519752+00:00, execution_date=20250202T203913, start_date=20250202T203915, end_date=20250202T203916
[2025-02-02T20:39:16.125+0000] {local_task_job_runner.py:261} INFO - Task exited with return code 0
[2025-02-02T20:39:16.148+0000] {taskinstance.py:3891} INFO - 1 downstream tasks scheduled from follow-on schedule check
[2025-02-02T20:39:16.153+0000] {local_task_job_runner.py:240} INFO - ::endgroup::
