[2025-02-02T20:12:36.991+0000] {local_task_job_runner.py:123} INFO - ::group::Pre task execution logs
[2025-02-02T20:12:37.001+0000] {taskinstance.py:2603} INFO - Dependencies all met for dep_context=non-requeueable deps ti=<TaskInstance: flights_pipeline.get_data_from_opensky manual__2025-02-02T20:12:35.645385+00:00 [queued]>
[2025-02-02T20:12:37.006+0000] {taskinstance.py:2603} INFO - Dependencies all met for dep_context=requeueable deps ti=<TaskInstance: flights_pipeline.get_data_from_opensky manual__2025-02-02T20:12:35.645385+00:00 [queued]>
[2025-02-02T20:12:37.006+0000] {taskinstance.py:2856} INFO - Starting attempt 1 of 2
[2025-02-02T20:12:37.014+0000] {taskinstance.py:2879} INFO - Executing <Task(_PythonDecoratedOperator): get_data_from_opensky> on 2025-02-02 20:12:35.645385+00:00
[2025-02-02T20:12:37.019+0000] {warnings.py:112} WARNING - /home/***/.local/lib/python3.12/site-packages/***/task/task_runner/standard_task_runner.py:70: DeprecationWarning: This process (pid=2775) is multi-threaded, use of fork() may lead to deadlocks in the child.
  pid = os.fork()

[2025-02-02T20:12:37.020+0000] {standard_task_runner.py:104} INFO - Running: ['***', 'tasks', 'run', 'flights_pipeline', 'get_data_from_opensky', 'manual__2025-02-02T20:12:35.645385+00:00', '--job-id', '63', '--raw', '--subdir', 'DAGS_FOLDER/zdag.py', '--cfg-path', '/tmp/tmp52sle7q1']
[2025-02-02T20:12:37.021+0000] {standard_task_runner.py:72} INFO - Started process 2776 to run task
[2025-02-02T20:12:37.022+0000] {standard_task_runner.py:105} INFO - Job 63: Subtask get_data_from_opensky
[2025-02-02T20:12:37.056+0000] {task_command.py:467} INFO - Running <TaskInstance: flights_pipeline.get_data_from_opensky manual__2025-02-02T20:12:35.645385+00:00 [running]> on host d628bd12729b
[2025-02-02T20:12:37.111+0000] {taskinstance.py:3122} INFO - Exporting env vars: AIRFLOW_CTX_DAG_OWNER='***' AIRFLOW_CTX_DAG_ID='flights_pipeline' AIRFLOW_CTX_TASK_ID='get_data_from_opensky' AIRFLOW_CTX_EXECUTION_DATE='2025-02-02T20:12:35.645385+00:00' AIRFLOW_CTX_TRY_NUMBER='1' AIRFLOW_CTX_DAG_RUN_ID='manual__2025-02-02T20:12:35.645385+00:00'
[2025-02-02T20:12:37.114+0000] {taskinstance.py:731} INFO - ::endgroup::
[2025-02-02T20:12:38.722+0000] {logging_mixin.py:190} INFO - Data downloaded and saved to /opt/***/dags/data/opensky_data.json
[2025-02-02T20:12:38.725+0000] {python.py:240} INFO - Done. Returned value was: None
[2025-02-02T20:12:38.732+0000] {taskinstance.py:340} INFO - ::group::Post task execution logs
[2025-02-02T20:12:38.732+0000] {taskinstance.py:352} INFO - Marking task as SUCCESS. dag_id=flights_pipeline, task_id=get_data_from_opensky, run_id=manual__2025-02-02T20:12:35.645385+00:00, execution_date=20250202T201235, start_date=20250202T201237, end_date=20250202T201238
[2025-02-02T20:12:38.761+0000] {local_task_job_runner.py:261} INFO - Task exited with return code 0
[2025-02-02T20:12:38.773+0000] {taskinstance.py:3891} INFO - 0 downstream tasks scheduled from follow-on schedule check
[2025-02-02T20:12:38.776+0000] {local_task_job_runner.py:240} INFO - ::endgroup::
